This is LuaTeX, Version beta-0.70.1-2011062107 (rev 4277)  (format=lualatex 2012.6.7)  18 DEC 2016 20:57
 restricted \write18 enabled.
**monografia_final.tex
(./monografia_final.tex
LaTeX2e <2009/09/24>
LuaTeX adaptation of babel <v3.8l-luatex-1.4> and hyphenation patterns for engl
ish, dumylang, nohyphenation, loaded.
(/usr/local/texlive/2011/texmf-dist/tex/latex/base/report.cls
Document Class: report 2007/10/19 v1.4h Standard LaTeX document class
(/usr/local/texlive/2011/texmf-dist/tex/latex/base/size12.clo
File: size12.clo 2007/10/19 v1.4h Standard LaTeX file (size option)
)
\c@part=\count79
\c@chapter=\count80
\c@section=\count81
\c@subsection=\count82
\c@subsubsection=\count83
\c@paragraph=\count84
\c@subparagraph=\count85
\c@figure=\count86
\c@table=\count87
\abovecaptionskip=\skip41
\belowcaptionskip=\skip42
\bibindent=\dimen102
)
(/usr/local/texlive/2011/texmf-dist/tex/latex/geometry/geometry.sty
Package: geometry 2010/09/12 v5.6 Page Geometry

(/usr/local/texlive/2011/texmf-dist/tex/latex/graphics/keyval.sty
Package: keyval 1999/03/16 v1.13 key=value parser (DPC)
\KV@toks@=\toks14
)
(/usr/local/texlive/2011/texmf-dist/tex/generic/oberdiek/ifpdf.sty
Package: ifpdf 2011/01/30 v2.3 Provides the ifpdf switch (HO)
Package ifpdf Info: pdfTeX in PDF mode is detected.
)
(/usr/local/texlive/2011/texmf-dist/tex/generic/oberdiek/ifvtex.sty
Package: ifvtex 2010/03/01 v1.5 Switches for detecting VTeX and its modes (HO)
Package ifvtex Info: VTeX not detected.
)
(/usr/local/texlive/2011/texmf-dist/tex/generic/ifxetex/ifxetex.sty
Package: ifxetex 2010/09/12 v0.6 Provides ifxetex conditional
)
\Gm@cnth=\count88
\Gm@cntv=\count89
\c@Gm@tempcnt=\count90
\Gm@bindingoffset=\dimen103
\Gm@wd@mp=\dimen104
\Gm@odd@mp=\dimen105
\Gm@even@mp=\dimen106
\Gm@layoutwidth=\dimen107
\Gm@layoutheight=\dimen108
\Gm@layouthoffset=\dimen109
\Gm@layoutvoffset=\dimen110
\Gm@dimlist=\toks15
)
(/usr/local/texlive/2011/texmf-dist/tex/latex/caption/caption.sty
Package: caption 2010/01/09 v3.1m Customizing captions (AR)

(/usr/local/texlive/2011/texmf-dist/tex/latex/caption/caption3.sty
Package: caption3 2010/01/14 v3.1m caption3 kernel (AR)
\captionmargin=\dimen111
\captionmargin@=\dimen112
\captionwidth=\dimen113
\caption@indent=\dimen114
\caption@parindent=\dimen115
\caption@hangindent=\dimen116
)
\c@ContinuedFloat=\count91
)
(/usr/local/texlive/2011/texmf-dist/tex/latex/titlesec/titlesec.sty
Package: titlesec 2007/08/12 v2.8 Sectioning titles
\ttl@box=\box26
\beforetitleunit=\skip43
\aftertitleunit=\skip44
\ttl@plus=\dimen117
\ttl@minus=\dimen118
\ttl@toksa=\toks16
\titlewidth=\dimen119
\titlewidthlast=\dimen120
\titlewidthfirst=\dimen121
)
(/usr/local/texlive/2011/texmf-dist/tex/latex/etoolbox/etoolbox.sty
Package: etoolbox 2011/01/03 v2.1 e-TeX tools for LaTeX

(/usr/local/texlive/2011/texmf-dist/tex/latex/etex-pkg/etex.sty
Package: etex 1998/03/26 v2.0 eTeX basic definition package (PEB)
\et@xins=\count92
)
\etb@tempcnta=\count93
)
(/usr/local/texlive/2011/texmf-dist/tex/latex/setspace/setspace.sty
Package: setspace 2000/12/01 6.7 Contributed and Supported LaTeX2e package

Package: `setspace' 6.7 <2000/12/01>
) (/usr/local/texlive/2011/texmf-dist/tex/latex/amscls/amsthm.sty
Package: amsthm 2009/07/02 v2.20.1
\thm@style=\toks17
\thm@bodyfont=\toks18
\thm@headfont=\toks19
\thm@notefont=\toks20
\thm@headpunct=\toks21
\thm@preskip=\skip45
\thm@postskip=\skip46
\thm@headsep=\skip47
\dth@everypar=\toks22
)
(/usr/local/texlive/2011/texmf-dist/tex/latex/rotating/rotating.sty
Package: rotating 2009/03/28 v2.16a rotated objects in LaTeX

(/usr/local/texlive/2011/texmf-dist/tex/latex/graphics/graphicx.sty
Package: graphicx 1999/02/16 v1.0f Enhanced LaTeX Graphics (DPC,SPQR)

(/usr/local/texlive/2011/texmf-dist/tex/latex/graphics/graphics.sty
Package: graphics 2009/02/05 v1.0o Standard LaTeX Graphics (DPC,SPQR)

(/usr/local/texlive/2011/texmf-dist/tex/latex/graphics/trig.sty
Package: trig 1999/03/16 v1.09 sin cos tan (DPC)
)
(/usr/local/texlive/2011/texmf-dist/tex/latex/latexconfig/graphics.cfg
File: graphics.cfg 2010/04/23 v1.9 graphics configuration of TeX Live
)
Package graphics Info: Driver file: pdftex.def on input line 91.

(/usr/local/texlive/2011/texmf-dist/tex/latex/pdftex-def/pdftex.def
File: pdftex.def 2011/05/27 v0.06d Graphics/color for pdfTeX

(/usr/local/texlive/2011/texmf-dist/tex/generic/oberdiek/infwarerr.sty
Package: infwarerr 2010/04/08 v1.3 Providing info/warning/message (HO)
)
(/usr/local/texlive/2011/texmf-dist/tex/generic/oberdiek/ltxcmds.sty
Package: ltxcmds 2011/04/18 v1.20 LaTeX kernel commands for general use (HO)
)
(/usr/local/texlive/2011/texmf-dist/tex/generic/oberdiek/pdftexcmds.sty
Package: pdftexcmds 2011/04/22 v0.16 Utilities of pdfTeX for LuaTeX (HO)

(/usr/local/texlive/2011/texmf-dist/tex/generic/oberdiek/ifluatex.sty
Package: ifluatex 2010/03/01 v1.3 Provides the ifluatex switch (HO)
Package ifluatex Info: LuaTeX detected.
)
Package pdftexcmds Info: \pdf@primitive is available.
Package pdftexcmds Info: \pdf@ifprimitive is available.
Package pdftexcmds Info: \pdfdraftmode found.

(/usr/local/texlive/2011/texmf-dist/tex/generic/oberdiek/luatex-loader.sty
Package: luatex-loader 2010/03/09 v0.4 Lua module loader (HO)

(/usr/local/texlive/2011/texmf-dist/scripts/oberdiek/oberdiek.luatex.lua))
\pdftexcmds@toks=\toks23
)
\Gread@gobject=\count94
))
\Gin@req@height=\dimen122
\Gin@req@width=\dimen123
)
(/usr/local/texlive/2011/texmf-dist/tex/latex/base/ifthen.sty
Package: ifthen 2001/05/26 v1.1c Standard LaTeX ifthen package (DPC)
)
\c@r@tfl@t=\count95
\rotFPtop=\skip48
\rotFPbot=\skip49
\rot@float@box=\box27
\rot@mess@toks=\toks24
)
(/usr/local/texlive/2011/texmf-dist/tex/latex/float/float.sty
Package: float 2001/11/08 v1.3d Float enhancements (AL)
\c@float@type=\count96
\float@exts=\toks25
\float@box=\box28
\@float@everytoks=\toks26
\@floatcapt=\box29
)
(/usr/local/texlive/2011/texmf-dist/tex/latex/amsfonts/amssymb.sty
Package: amssymb 2009/06/22 v3.00

(/usr/local/texlive/2011/texmf-dist/tex/latex/amsfonts/amsfonts.sty
Package: amsfonts 2009/06/22 v3.00 Basic AMSFonts support
\@emptytoks=\toks27
\symAMSa=\mathgroup4
\symAMSb=\mathgroup5
LaTeX Font Info:    Overwriting math alphabet `\mathfrak' in version `bold'
(Font)                  U/euf/m/n --> U/euf/b/n on input line 96.
))
(/usr/local/texlive/2011/texmf-dist/tex/latex/fancybox/fancybox.sty
Package: fancybox 2010/05/15 1.4

Style option: `fancybox' v1.4 <2010/05/15> (tvz)
\@fancybox=\box30
\shadowsize=\dimen124
\@Sbox=\box31
\do@VerbBox=\toks28
\the@fancyput=\toks29
\this@fancyput=\toks30
\EndVerbatimTokens=\toks31
\Verbatim@Outfile=\write3
\Verbatim@Infile=\read1
) (/usr/local/texlive/2011/texmf-dist/tex/latex/amsmath/amsmath.sty
Package: amsmath 2000/07/18 v2.13 AMS math features
\@mathmargin=\skip50

For additional information on amsmath, use the `?' option.
(/usr/local/texlive/2011/texmf-dist/tex/latex/amsmath/amstext.sty
Package: amstext 2000/06/29 v2.01

(/usr/local/texlive/2011/texmf-dist/tex/latex/amsmath/amsgen.sty
File: amsgen.sty 1999/11/30 v2.0
\@emptytoks=\toks32
\ex@=\dimen125
))
(/usr/local/texlive/2011/texmf-dist/tex/latex/amsmath/amsbsy.sty
Package: amsbsy 1999/11/29 v1.2d
\pmbraise@=\dimen126
)
(/usr/local/texlive/2011/texmf-dist/tex/latex/amsmath/amsopn.sty
Package: amsopn 1999/12/14 v2.01 operator names
)
\inf@bad=\count97
LaTeX Info: Redefining \frac on input line 211.
\uproot@=\count98
\leftroot@=\count99
LaTeX Info: Redefining \overline on input line 307.
\classnum@=\count100
\DOTSCASE@=\count101
LaTeX Info: Redefining \ldots on input line 379.
LaTeX Info: Redefining \dots on input line 382.
LaTeX Info: Redefining \cdots on input line 467.
\Mathstrutbox@=\box32
\strutbox@=\box33
\big@size=\dimen127
LaTeX Font Info:    Redeclaring font encoding OML on input line 567.
LaTeX Font Info:    Redeclaring font encoding OMS on input line 568.
\macc@depth=\count102
\c@MaxMatrixCols=\count103
\dotsspace@=\muskip10
\c@parentequation=\count104
\dspbrk@lvl=\count105
\tag@help=\toks33
\row@=\count106
\column@=\count107
\maxfields@=\count108
\andhelp@=\toks34
\eqnshift@=\dimen128
\alignsep@=\dimen129
\tagshift@=\dimen130
\tagwidth@=\dimen131
\totwidth@=\dimen132
\lineht@=\dimen133
\@envbody=\toks35
\multlinegap=\skip51
\multlinetaggap=\skip52
\mathdisplay@stack=\toks36
LaTeX Info: Redefining \[ on input line 2666.
LaTeX Info: Redefining \] on input line 2667.
)
(/usr/local/texlive/2011/texmf-dist/tex/latex/enumitem/enumitem.sty
Package: enumitem 2009/05/18 v2.2 Customized lists
\enit@toks=\toks37
\labelindent=\skip53
\enit@outerparindent=\dimen134
\enitdp@desc=\count109
)
(/usr/local/texlive/2011/texmf-dist/tex/latex/picinpar/picinpar.sty
Pictures in Paragraphs. Version 1.2a, July 13, 1993
\br=\count110
\bl=\count111
\na=\count112
\nb=\count113
\tcdsav=\count114
\tcl=\count115
\tcd=\count116
\tcn=\count117
\cumtcl=\count118
\cumpartcl=\count119
\lftside=\dimen135
\rtside=\dimen136
\hpic=\dimen137
\vpic=\dimen138
\strutilg=\dimen139
\picwd=\dimen140
\topheight=\dimen141
\ilg=\dimen142
\lpic=\dimen143
\lwindowsep=\dimen144
\rwindowsep=\dimen145
\cumpar=\dimen146
\twa=\toks38
\la=\toks39
\ra=\toks40
\ha=\toks41
\pictoc=\toks42
\rawtext=\box34
\holder=\box35
\windowbox=\box36
\wartext=\box37
\finaltext=\box38
\aslice=\box39
\bslice=\box40
\wbox=\box41
\wstrutbox=\box42
\picbox=\box43
\waslice=\box44
\wbslice=\box45
\fslice=\box46
) (/usr/local/texlive/2011/texmf-dist/tex/latex/appendix/appendix.sty
Package: appendix 2009/09/02 v1.2b extra appendix facilities
\c@@pps=\count120
\c@@ppsavesec=\count121
\c@@ppsaveapp=\count122
)
(/usr/local/texlive/2011/texmf-dist/tex/latex/colortbl/colortbl.sty
Package: colortbl 2001/02/13 v0.1j Color table columns (DPC)

(/usr/local/texlive/2011/texmf-dist/tex/latex/tools/array.sty
Package: array 2008/09/09 v2.4c Tabular extension package (FMi)
\col@sep=\dimen147
\extrarowheight=\dimen148
\NC@list=\toks43
\extratabsurround=\skip54
\backup@length=\skip55
)
(/usr/local/texlive/2011/texmf-dist/tex/latex/graphics/color.sty
Package: color 2005/11/14 v1.0j Standard LaTeX Color (DPC)

(/usr/local/texlive/2011/texmf-dist/tex/latex/latexconfig/color.cfg
File: color.cfg 2007/01/18 v1.5 color configuration of teTeX/TeXLive
)
Package color Info: Driver file: pdftex.def on input line 130.
)
\everycr=\toks44
\minrowclearance=\skip56
)
(/usr/local/texlive/2011/texmf-dist/tex/latex/wasysym/wasysym.sty
Package: wasysym 2003/10/30 v2.0 Wasy-2 symbol support package
\symwasy=\mathgroup6
LaTeX Font Info:    Overwriting symbol font `wasy' in version `bold'
(Font)                  U/wasy/m/n --> U/wasy/b/n on input line 90.
)
(/usr/local/texlive/2011/texmf-dist/tex/latex/txfonts/txfonts.sty
Package: txfonts 2008/01/22 v3.2.1
LaTeX Font Info:    Redeclaring symbol font `operators' on input line 21.
LaTeX Font Info:    Overwriting symbol font `operators' in version `normal'
(Font)                  OT1/cmr/m/n --> OT1/txr/m/n on input line 21.
LaTeX Font Info:    Overwriting symbol font `operators' in version `bold'
(Font)                  OT1/cmr/bx/n --> OT1/txr/m/n on input line 21.
LaTeX Font Info:    Overwriting symbol font `operators' in version `bold'
(Font)                  OT1/txr/m/n --> OT1/txr/bx/n on input line 22.
\symitalic=\mathgroup7
LaTeX Font Info:    Overwriting symbol font `italic' in version `bold'
(Font)                  OT1/txr/m/it --> OT1/txr/bx/it on input line 26.
LaTeX Font Info:    Redeclaring math alphabet \mathbf on input line 29.
LaTeX Font Info:    Overwriting math alphabet `\mathbf' in version `normal'
(Font)                  OT1/cmr/bx/n --> OT1/txr/bx/n on input line 29.
LaTeX Font Info:    Overwriting math alphabet `\mathbf' in version `bold'
(Font)                  OT1/cmr/bx/n --> OT1/txr/bx/n on input line 29.
LaTeX Font Info:    Redeclaring math alphabet \mathit on input line 30.
LaTeX Font Info:    Overwriting math alphabet `\mathit' in version `normal'
(Font)                  OT1/cmr/m/it --> OT1/txr/m/it on input line 30.
LaTeX Font Info:    Overwriting math alphabet `\mathit' in version `bold'
(Font)                  OT1/cmr/bx/it --> OT1/txr/m/it on input line 30.
LaTeX Font Info:    Overwriting math alphabet `\mathit' in version `bold'
(Font)                  OT1/txr/m/it --> OT1/txr/bx/it on input line 31.
LaTeX Font Info:    Redeclaring math alphabet \mathsf on input line 40.
LaTeX Font Info:    Overwriting math alphabet `\mathsf' in version `normal'
(Font)                  OT1/cmss/m/n --> OT1/txss/m/n on input line 40.
LaTeX Font Info:    Overwriting math alphabet `\mathsf' in version `bold'
(Font)                  OT1/cmss/bx/n --> OT1/txss/m/n on input line 40.
LaTeX Font Info:    Overwriting math alphabet `\mathsf' in version `bold'
(Font)                  OT1/txss/m/n --> OT1/txss/b/n on input line 41.
LaTeX Font Info:    Redeclaring math alphabet \mathtt on input line 50.
LaTeX Font Info:    Overwriting math alphabet `\mathtt' in version `normal'
(Font)                  OT1/cmtt/m/n --> OT1/txtt/m/n on input line 50.
LaTeX Font Info:    Overwriting math alphabet `\mathtt' in version `bold'
(Font)                  OT1/cmtt/m/n --> OT1/txtt/m/n on input line 50.
LaTeX Font Info:    Overwriting math alphabet `\mathtt' in version `bold'
(Font)                  OT1/txtt/m/n --> OT1/txtt/b/n on input line 51.
LaTeX Font Info:    Redeclaring symbol font `letters' on input line 58.
LaTeX Font Info:    Overwriting symbol font `letters' in version `normal'
(Font)                  OML/cmm/m/it --> OML/txmi/m/it on input line 58.
LaTeX Font Info:    Overwriting symbol font `letters' in version `bold'
(Font)                  OML/cmm/b/it --> OML/txmi/m/it on input line 58.
LaTeX Font Info:    Overwriting symbol font `letters' in version `bold'
(Font)                  OML/txmi/m/it --> OML/txmi/bx/it on input line 59.
\symlettersA=\mathgroup8
LaTeX Font Info:    Overwriting symbol font `lettersA' in version `bold'
(Font)                  U/txmia/m/it --> U/txmia/bx/it on input line 67.
LaTeX Font Info:    Redeclaring math alphabet \mathfrak on input line 70.
LaTeX Font Info:    Redeclaring symbol font `symbols' on input line 77.
LaTeX Font Info:    Overwriting symbol font `symbols' in version `normal'
(Font)                  OMS/cmsy/m/n --> OMS/txsy/m/n on input line 77.
LaTeX Font Info:    Overwriting symbol font `symbols' in version `bold'
(Font)                  OMS/cmsy/b/n --> OMS/txsy/m/n on input line 77.
LaTeX Font Info:    Overwriting symbol font `symbols' in version `bold'
(Font)                  OMS/txsy/m/n --> OMS/txsy/bx/n on input line 78.
LaTeX Font Info:    Redeclaring symbol font `AMSa' on input line 93.
LaTeX Font Info:    Overwriting symbol font `AMSa' in version `normal'
(Font)                  U/msa/m/n --> U/txsya/m/n on input line 93.
LaTeX Font Info:    Overwriting symbol font `AMSa' in version `bold'
(Font)                  U/msa/m/n --> U/txsya/m/n on input line 93.
LaTeX Font Info:    Overwriting symbol font `AMSa' in version `bold'
(Font)                  U/txsya/m/n --> U/txsya/bx/n on input line 94.
LaTeX Font Info:    Redeclaring symbol font `AMSb' on input line 102.
LaTeX Font Info:    Overwriting symbol font `AMSb' in version `normal'
(Font)                  U/msb/m/n --> U/txsyb/m/n on input line 102.
LaTeX Font Info:    Overwriting symbol font `AMSb' in version `bold'
(Font)                  U/msb/m/n --> U/txsyb/m/n on input line 102.
LaTeX Font Info:    Overwriting symbol font `AMSb' in version `bold'
(Font)                  U/txsyb/m/n --> U/txsyb/bx/n on input line 103.
\symsymbolsC=\mathgroup9
LaTeX Font Info:    Overwriting symbol font `symbolsC' in version `bold'
(Font)                  U/txsyc/m/n --> U/txsyc/bx/n on input line 113.
LaTeX Font Info:    Redeclaring symbol font `largesymbols' on input line 120.
LaTeX Font Info:    Overwriting symbol font `largesymbols' in version `normal'
(Font)                  OMX/cmex/m/n --> OMX/txex/m/n on input line 120.
LaTeX Font Info:    Overwriting symbol font `largesymbols' in version `bold'
(Font)                  OMX/cmex/m/n --> OMX/txex/m/n on input line 120.
LaTeX Font Info:    Overwriting symbol font `largesymbols' in version `bold'
(Font)                  OMX/txex/m/n --> OMX/txex/bx/n on input line 121.
\symlargesymbolsA=\mathgroup10
LaTeX Font Info:    Overwriting symbol font `largesymbolsA' in version `bold'
(Font)                  U/txexa/m/n --> U/txexa/bx/n on input line 129.
LaTeX Info: Redefining \not on input line 1043.
LaTeX Info: Redefining \textsquare on input line 1063.
LaTeX Info: Redefining \openbox on input line 1064.
)
(/usr/local/texlive/2011/texmf-dist/tex/latex/pb-diagram/pb-diagram.sty
\dgARROWLENGTH=\skip57
\dgTEXTARROWLENGTH=\skip58
\dgHORIZPAD=\skip59
\dgVERTPAD=\skip60
\dgLABELOFFSET=\skip61
\dgARROWPARTS=\count123
\dgDOTSPACING=\skip62
\dgDOTSIZE=\skip63
\dgMAXSQUARE=\count124
\dgMINDBLSQ=\count125
\dgCOLUMNWIDTH=\skip64
\dg@HORIZ=\count126
\dg@VERT=\count127
\dg@XLPAD=\count128
\dg@YBPAD=\count129
\dg@XRPAD=\count130
\dg@YTPAD=\count131
\dg@X=\count132
\dg@Y=\count133
\dg@XGRID=\count134
\dg@YGRID=\count135
\dg@SIZE=\count136
\dg@USERSIZE=\count137
\dg@DX=\count138
\dg@DY=\count139
\dg@XLBL=\count140
\dg@YLBL=\count141
\dg@XOFFSET=\count142
\dg@YOFFSET=\count143
\dg@LBLOFF=\count144
\dg@XLBLOFF=\count145
\dg@YLBLOFF=\count146
\dg@LBLPOS=\count147
\dg@XTEMP=\count148
\dg@YTEMP=\count149
\dg@ZTEMP=\count150
\dg@XNODE=\count151
\dg@YNODE=\count152
\dg@XEND=\count153
\dg@YEND=\count154
\dg@WEND=\count155
\dg@HEND=\count156
\dg@COUNT=\count157
\dg@NODEBOX=\box47
\dg@LABONEBOX=\box48
\dg@LABTWOBOX=\box49
)
(/usr/local/texlive/2011/texmf-dist/tex/latex/relsize/relsize.sty
Package: relsize 2003/07/04 ver 3.1
)
(/usr/local/texlive/2011/texmf-dist/tex/latex/pgf/frontendlayer/tikz.sty
(/usr/local/texlive/2011/texmf-dist/tex/latex/pgf/basiclayer/pgf.sty
(/usr/local/texlive/2011/texmf-dist/tex/latex/pgf/utilities/pgfrcs.sty
(/usr/local/texlive/2011/texmf-dist/tex/generic/pgf/utilities/pgfutil-common.te
x
\pgfutil@everybye=\toks45
)
(/usr/local/texlive/2011/texmf-dist/tex/generic/pgf/utilities/pgfutil-latex.def
\pgfutil@abb=\box50
(/usr/local/texlive/2011/texmf-dist/tex/latex/ms/everyshi.sty
Package: everyshi 2001/05/15 v3.00 EveryShipout Package (MS)
))
(/usr/local/texlive/2011/texmf-dist/tex/generic/pgf/utilities/pgfrcs.code.tex
Package: pgfrcs 2010/10/25 v2.10 (rcs-revision 1.24)
))
Package: pgf 2008/01/15 v2.10 (rcs-revision 1.12)
(/usr/local/texlive/2011/texmf-dist/tex/latex/pgf/basiclayer/pgfcore.sty
(/usr/local/texlive/2011/texmf-dist/tex/latex/pgf/systemlayer/pgfsys.sty
(/usr/local/texlive/2011/texmf-dist/tex/generic/pgf/systemlayer/pgfsys.code.tex
Package: pgfsys 2010/06/30 v2.10 (rcs-revision 1.37)
(/usr/local/texlive/2011/texmf-dist/tex/generic/pgf/utilities/pgfkeys.code.tex
\pgfkeys@pathtoks=\toks46
\pgfkeys@temptoks=\toks47

(/usr/local/texlive/2011/texmf-dist/tex/generic/pgf/utilities/pgfkeysfiltered.c
ode.tex
\pgfkeys@tmptoks=\toks48
))
\pgf@x=\dimen149
\pgf@y=\dimen150
\pgf@xa=\dimen151
\pgf@ya=\dimen152
\pgf@xb=\dimen153
\pgf@yb=\dimen154
\pgf@xc=\dimen155
\pgf@yc=\dimen156
\w@pgf@writea=\write4
\r@pgf@reada=\read2
\c@pgf@counta=\count158
\c@pgf@countb=\count159
\c@pgf@countc=\count160
\c@pgf@countd=\count161

(/usr/local/texlive/2011/texmf-dist/tex/generic/pgf/systemlayer/pgf.cfg
File: pgf.cfg 2008/05/14  (rcs-revision 1.7)
)
Package pgfsys Info: Driver file for pgf: pgfsys-pdftex.def on input line 900.

(/usr/local/texlive/2011/texmf-dist/tex/generic/pgf/systemlayer/pgfsys-pdftex.d
ef
File: pgfsys-pdftex.def 2009/05/22  (rcs-revision 1.26)

(/usr/local/texlive/2011/texmf-dist/tex/generic/pgf/systemlayer/pgfsys-common-p
df.def
File: pgfsys-common-pdf.def 2008/05/19  (rcs-revision 1.10)
)))
(/usr/local/texlive/2011/texmf-dist/tex/generic/pgf/systemlayer/pgfsyssoftpath.
code.tex
File: pgfsyssoftpath.code.tex 2008/07/18  (rcs-revision 1.7)
\pgfsyssoftpath@smallbuffer@items=\count162
\pgfsyssoftpath@bigbuffer@items=\count163
)
(/usr/local/texlive/2011/texmf-dist/tex/generic/pgf/systemlayer/pgfsysprotocol.
code.tex
File: pgfsysprotocol.code.tex 2006/10/16  (rcs-revision 1.4)
)) (/usr/local/texlive/2011/texmf-dist/tex/latex/xcolor/xcolor.sty
Package: xcolor 2007/01/21 v2.11 LaTeX color extensions (UK)

(/usr/local/texlive/2011/texmf-dist/tex/latex/latexconfig/color.cfg
File: color.cfg 2007/01/18 v1.5 color configuration of teTeX/TeXLive
)
Package xcolor Info: Driver file: pdftex.def on input line 225.
LaTeX Info: Redefining \color on input line 702.
Package xcolor Info: Model `cmy' substituted by `cmy0' on input line 1337.
Package xcolor Info: Model `hsb' substituted by `rgb' on input line 1341.
Package xcolor Info: Model `RGB' extended on input line 1353.
Package xcolor Info: Model `HTML' substituted by `rgb' on input line 1355.
Package xcolor Info: Model `Hsb' substituted by `hsb' on input line 1356.
Package xcolor Info: Model `tHsb' substituted by `hsb' on input line 1357.
Package xcolor Info: Model `HSB' substituted by `hsb' on input line 1358.
Package xcolor Info: Model `Gray' substituted by `gray' on input line 1359.
Package xcolor Info: Model `wave' substituted by `hsb' on input line 1360.
)
(/usr/local/texlive/2011/texmf-dist/tex/generic/pgf/basiclayer/pgfcore.code.tex
Package: pgfcore 2010/04/11 v2.10 (rcs-revision 1.7)
(/usr/local/texlive/2011/texmf-dist/tex/generic/pgf/math/pgfmath.code.tex
(/usr/local/texlive/2011/texmf-dist/tex/generic/pgf/math/pgfmathcalc.code.tex
(/usr/local/texlive/2011/texmf-dist/tex/generic/pgf/math/pgfmathutil.code.tex)
(/usr/local/texlive/2011/texmf-dist/tex/generic/pgf/math/pgfmathparser.code.tex
\pgfmath@dimen=\dimen157
\pgfmath@count=\count164
\pgfmath@box=\box51
\pgfmath@toks=\toks49
\pgfmath@stack@operand=\toks50
\pgfmath@stack@operation=\toks51
)
(/usr/local/texlive/2011/texmf-dist/tex/generic/pgf/math/pgfmathfunctions.code.
tex
(/usr/local/texlive/2011/texmf-dist/tex/generic/pgf/math/pgfmathfunctions.basic
.code.tex)
(/usr/local/texlive/2011/texmf-dist/tex/generic/pgf/math/pgfmathfunctions.trigo
nometric.code.tex)
(/usr/local/texlive/2011/texmf-dist/tex/generic/pgf/math/pgfmathfunctions.rando
m.code.tex)
(/usr/local/texlive/2011/texmf-dist/tex/generic/pgf/math/pgfmathfunctions.compa
rison.code.tex)
(/usr/local/texlive/2011/texmf-dist/tex/generic/pgf/math/pgfmathfunctions.base.
code.tex)
(/usr/local/texlive/2011/texmf-dist/tex/generic/pgf/math/pgfmathfunctions.round
.code.tex)
(/usr/local/texlive/2011/texmf-dist/tex/generic/pgf/math/pgfmathfunctions.misc.
code.tex)))
(/usr/local/texlive/2011/texmf-dist/tex/generic/pgf/math/pgfmathfloat.code.tex
\c@pgfmathroundto@lastzeros=\count165
))
(/usr/local/texlive/2011/texmf-dist/tex/generic/pgf/basiclayer/pgfcorepoints.co
de.tex
File: pgfcorepoints.code.tex 2010/04/09  (rcs-revision 1.20)
\pgf@picminx=\dimen158
\pgf@picmaxx=\dimen159
\pgf@picminy=\dimen160
\pgf@picmaxy=\dimen161
\pgf@pathminx=\dimen162
\pgf@pathmaxx=\dimen163
\pgf@pathminy=\dimen164
\pgf@pathmaxy=\dimen165
\pgf@xx=\dimen166
\pgf@xy=\dimen167
\pgf@yx=\dimen168
\pgf@yy=\dimen169
\pgf@zx=\dimen170
\pgf@zy=\dimen171
)
(/usr/local/texlive/2011/texmf-dist/tex/generic/pgf/basiclayer/pgfcorepathconst
ruct.code.tex
File: pgfcorepathconstruct.code.tex 2010/08/03  (rcs-revision 1.24)
\pgf@path@lastx=\dimen172
\pgf@path@lasty=\dimen173
)
(/usr/local/texlive/2011/texmf-dist/tex/generic/pgf/basiclayer/pgfcorepathusage
.code.tex
File: pgfcorepathusage.code.tex 2008/04/22  (rcs-revision 1.12)
\pgf@shorten@end@additional=\dimen174
\pgf@shorten@start@additional=\dimen175
)
(/usr/local/texlive/2011/texmf-dist/tex/generic/pgf/basiclayer/pgfcorescopes.co
de.tex
File: pgfcorescopes.code.tex 2010/09/08  (rcs-revision 1.34)
\pgfpic=\box52
\pgf@hbox=\box53
\pgf@layerbox@main=\box54
\pgf@picture@serial@count=\count166
)
(/usr/local/texlive/2011/texmf-dist/tex/generic/pgf/basiclayer/pgfcoregraphicst
ate.code.tex
File: pgfcoregraphicstate.code.tex 2008/04/22  (rcs-revision 1.9)
\pgflinewidth=\dimen176
)
(/usr/local/texlive/2011/texmf-dist/tex/generic/pgf/basiclayer/pgfcoretransform
ations.code.tex
File: pgfcoretransformations.code.tex 2009/06/10  (rcs-revision 1.11)
\pgf@pt@x=\dimen177
\pgf@pt@y=\dimen178
\pgf@pt@temp=\dimen179
)
(/usr/local/texlive/2011/texmf-dist/tex/generic/pgf/basiclayer/pgfcorequick.cod
e.tex
File: pgfcorequick.code.tex 2008/10/09  (rcs-revision 1.3)
)
(/usr/local/texlive/2011/texmf-dist/tex/generic/pgf/basiclayer/pgfcoreobjects.c
ode.tex
File: pgfcoreobjects.code.tex 2006/10/11  (rcs-revision 1.2)
)
(/usr/local/texlive/2011/texmf-dist/tex/generic/pgf/basiclayer/pgfcorepathproce
ssing.code.tex
File: pgfcorepathprocessing.code.tex 2008/10/09  (rcs-revision 1.8)
)
(/usr/local/texlive/2011/texmf-dist/tex/generic/pgf/basiclayer/pgfcorearrows.co
de.tex
File: pgfcorearrows.code.tex 2008/04/23  (rcs-revision 1.11)
)
(/usr/local/texlive/2011/texmf-dist/tex/generic/pgf/basiclayer/pgfcoreshade.cod
e.tex
File: pgfcoreshade.code.tex 2008/11/23  (rcs-revision 1.13)
\pgf@max=\dimen180
\pgf@sys@shading@range@num=\count167
)
(/usr/local/texlive/2011/texmf-dist/tex/generic/pgf/basiclayer/pgfcoreimage.cod
e.tex
File: pgfcoreimage.code.tex 2010/03/25  (rcs-revision 1.16)

(/usr/local/texlive/2011/texmf-dist/tex/generic/pgf/basiclayer/pgfcoreexternal.
code.tex
File: pgfcoreexternal.code.tex 2010/09/01  (rcs-revision 1.17)
\pgfexternal@startupbox=\box55
))
(/usr/local/texlive/2011/texmf-dist/tex/generic/pgf/basiclayer/pgfcorelayers.co
de.tex
File: pgfcorelayers.code.tex 2010/08/27  (rcs-revision 1.2)
)
(/usr/local/texlive/2011/texmf-dist/tex/generic/pgf/basiclayer/pgfcoretranspare
ncy.code.tex
File: pgfcoretransparency.code.tex 2008/01/17  (rcs-revision 1.2)
)
(/usr/local/texlive/2011/texmf-dist/tex/generic/pgf/basiclayer/pgfcorepatterns.
code.tex
File: pgfcorepatterns.code.tex 2009/07/02  (rcs-revision 1.3)
)))
(/usr/local/texlive/2011/texmf-dist/tex/generic/pgf/modules/pgfmoduleshapes.cod
e.tex
File: pgfmoduleshapes.code.tex 2010/09/09  (rcs-revision 1.13)
\pgfnodeparttextbox=\box56
)
(/usr/local/texlive/2011/texmf-dist/tex/generic/pgf/modules/pgfmoduleplot.code.
tex
File: pgfmoduleplot.code.tex 2010/10/22  (rcs-revision 1.8)
)
(/usr/local/texlive/2011/texmf-dist/tex/latex/pgf/compatibility/pgfcomp-version
-0-65.sty
Package: pgfcomp-version-0-65 2007/07/03 v2.10 (rcs-revision 1.7)
\pgf@nodesepstart=\dimen181
\pgf@nodesepend=\dimen182
)
(/usr/local/texlive/2011/texmf-dist/tex/latex/pgf/compatibility/pgfcomp-version
-1-18.sty
Package: pgfcomp-version-1-18 2007/07/23 v2.10 (rcs-revision 1.1)
))
(/usr/local/texlive/2011/texmf-dist/tex/latex/pgf/utilities/pgffor.sty
(/usr/local/texlive/2011/texmf-dist/tex/latex/pgf/utilities/pgfkeys.sty
(/usr/local/texlive/2011/texmf-dist/tex/generic/pgf/utilities/pgfkeys.code.tex)
) (/usr/local/texlive/2011/texmf-dist/tex/generic/pgf/utilities/pgffor.code.tex
Package: pgffor 2010/03/23 v2.10 (rcs-revision 1.18)
\pgffor@iter=\dimen183
\pgffor@skip=\dimen184
\pgffor@stack=\toks52
\pgffor@toks=\toks53
))
(/usr/local/texlive/2011/texmf-dist/tex/generic/pgf/frontendlayer/tikz/tikz.cod
e.tex
Package: tikz 2010/10/13 v2.10 (rcs-revision 1.76)

(/usr/local/texlive/2011/texmf-dist/tex/generic/pgf/libraries/pgflibraryplothan
dlers.code.tex
File: pgflibraryplothandlers.code.tex 2010/05/31 v2.10 (rcs-revision 1.15)
\pgf@plot@mark@count=\count168
\pgfplotmarksize=\dimen185
)
\tikz@lastx=\dimen186
\tikz@lasty=\dimen187
\tikz@lastxsaved=\dimen188
\tikz@lastysaved=\dimen189
\tikzleveldistance=\dimen190
\tikzsiblingdistance=\dimen191
\tikz@figbox=\box57
\tikz@tempbox=\box58
\tikztreelevel=\count169
\tikznumberofchildren=\count170
\tikznumberofcurrentchild=\count171
\tikz@fig@count=\count172

(/usr/local/texlive/2011/texmf-dist/tex/generic/pgf/modules/pgfmodulematrix.cod
e.tex
File: pgfmodulematrix.code.tex 2010/08/24  (rcs-revision 1.4)
\pgfmatrixcurrentrow=\count173
\pgfmatrixcurrentcolumn=\count174
\pgf@matrix@numberofcolumns=\count175
)
\tikz@expandcount=\count176

(/usr/local/texlive/2011/texmf-dist/tex/generic/pgf/frontendlayer/tikz/librarie
s/tikzlibrarytopaths.code.tex
File: tikzlibrarytopaths.code.tex 2008/06/17 v2.10 (rcs-revision 1.2)
)))
(/usr/local/texlive/2011/texmf-dist/tex/latex/pgfplots/pgfplots.sty
(/usr/local/texlive/2011/texmf-dist/tex/generic/pgfplots/pgfplots.revision.tex)
Package: pgfplots 2010/07/14 Version 1.4.1 (git show 1.4.1-1-g64c9e95 )
(/usr/local/texlive/2011/texmf-dist/tex/generic/pgfplots/pgfplots.code.tex
(/usr/local/texlive/2011/texmf-dist/tex/generic/pgfplots/pgfplotscore.code.tex
\t@pgfplots@toka=\toks54
\t@pgfplots@tokb=\toks55
\t@pgfplots@tokc=\toks56
\pgfplots@tmpa=\dimen192
\c@pgfplots@coordindex=\count177
\c@pgfplots@scanlineindex=\count178
)
(/usr/local/texlive/2011/texmf-dist/tex/generic/pgfplots/libs/pgfplotslibrary.c
ode.tex)
(/usr/local/texlive/2011/texmf-dist/tex/generic/pgfplots/oldpgfcompatib/pgfplot
soldpgfsupp_loader.code.tex
(/usr/local/texlive/2011/texmf-dist/tex/generic/pgf/libraries/pgflibraryfpu.cod
e.tex))
(/usr/local/texlive/2011/texmf-dist/tex/generic/pgfplots/util/pgfplotsutil.code
.tex
(/usr/local/texlive/2011/texmf-dist/tex/generic/pgfplots/liststructure/pgfplots
liststructure.code.tex)
(/usr/local/texlive/2011/texmf-dist/tex/generic/pgfplots/liststructure/pgfplots
liststructureext.code.tex)
(/usr/local/texlive/2011/texmf-dist/tex/generic/pgfplots/liststructure/pgfplots
array.code.tex
\c@pgfplotsarray@tmp=\count179
)
(/usr/local/texlive/2011/texmf-dist/tex/generic/pgfplots/numtable/pgfplotstable
shared.code.tex
\c@pgfplotstable@counta=\count180
\t@pgfplotstable@a=\toks57
\pgfplotstable@outfile=\write5
)
(/usr/local/texlive/2011/texmf-dist/tex/generic/pgfplots/liststructure/pgfplots
deque.code.tex)
(/usr/local/texlive/2011/texmf-dist/tex/generic/pgfplots/util/pgfplotsbinary.co
de.tex)
(/usr/local/texlive/2011/texmf-dist/tex/generic/pgfplots/libs/pgflibrarypgfplot
s.surfshading.code.tex
(/usr/local/texlive/2011/texmf-dist/tex/generic/pgfplots/sys/pgflibrarypgfplots
.surfshading.pgfsys-pdftex.def)))
(/usr/local/texlive/2011/texmf-dist/tex/generic/pgfplots/util/pgfplotscolormap.
code.tex)
(/usr/local/texlive/2011/texmf-dist/tex/generic/pgfplots/pgfplotsstackedplots.c
ode.tex)
(/usr/local/texlive/2011/texmf-dist/tex/generic/pgfplots/pgfplotscoordprocessin
g.code.tex)
(/usr/local/texlive/2011/texmf-dist/tex/generic/pgfplots/pgfplotsticks.code.tex
)
(/usr/local/texlive/2011/texmf-dist/tex/generic/pgf/frontendlayer/tikz/librarie
s/tikzlibrarydecorations.code.tex
(/usr/local/texlive/2011/texmf-dist/tex/generic/pgf/modules/pgfmoduledecoration
s.code.tex
\pgfdecoratedcompleteddistance=\dimen193
\pgfdecoratedremainingdistance=\dimen194
\pgfdecoratedinputsegmentcompleteddistance=\dimen195
\pgfdecoratedinputsegmentremainingdistance=\dimen196
\pgf@decorate@distancetomove=\dimen197
\pgf@decorate@repeatstate=\count181
\pgfdecorationsegmentamplitude=\dimen198
\pgfdecorationsegmentlength=\dimen199
)
\tikz@lib@dec@box=\box59
)
(/usr/local/texlive/2011/texmf-dist/tex/generic/pgf/frontendlayer/tikz/librarie
s/tikzlibrarydecorations.pathmorphing.code.tex
(/usr/local/texlive/2011/texmf-dist/tex/generic/pgf/libraries/decorations/pgfli
brarydecorations.pathmorphing.code.tex))
(/usr/local/texlive/2011/texmf-dist/tex/generic/pgf/frontendlayer/tikz/librarie
s/tikzlibrarydecorations.pathreplacing.code.tex
(/usr/local/texlive/2011/texmf-dist/tex/generic/pgf/libraries/decorations/pgfli
brarydecorations.pathreplacing.code.tex))
\pgfplots@numplots=\count182
\pgfplots@xmin@reg=\dimen200
\pgfplots@xmax@reg=\dimen201
\pgfplots@ymin@reg=\dimen202
\pgfplots@ymax@reg=\dimen203
\pgfplots@zmin@reg=\dimen204
\pgfplots@zmax@reg=\dimen205
)
(/usr/local/texlive/2011/texmf-dist/tex/generic/pgf/frontendlayer/tikz/librarie
s/tikzlibraryplotmarks.code.tex
File: tikzlibraryplotmarks.code.tex 2008/01/09 v2.10 (rcs-revision 1.1)

(/usr/local/texlive/2011/texmf-dist/tex/generic/pgf/libraries/pgflibraryplotmar
ks.code.tex
File: pgflibraryplotmarks.code.tex 2010/10/15 v2.10 (rcs-revision 1.12)
)))
(/usr/local/texlive/2011/texmf-dist/tex/latex/subfigure/subfigure.sty
Package: subfigure 2002/03/15 v2.1.5 subfigure package
\subfigtopskip=\skip65
\subfigcapskip=\skip66
\subfigcaptopadj=\dimen206
\subfigbottomskip=\skip67
\subfigcapmargin=\dimen207
\subfiglabelskip=\skip68
\c@subfigure=\count183
\c@lofdepth=\count184
\c@subtable=\count185
\c@lotdepth=\count186

****************************************
* Local config file subfigure.cfg used *
****************************************
(/usr/local/texlive/2011/texmf-dist/tex/latex/subfigure/subfigure.cfg)
\subfig@top=\skip69
\subfig@bottom=\skip70
)
(/usr/local/texlive/2011/texmf-dist/tex/latex/graphics/lscape.sty
Package: lscape 2000/10/22 v3.01 Landscape Pages (DPC)
)
(/usr/local/texlive/2011/texmf-dist/tex/latex/tools/tabularx.sty
Package: tabularx 1999/01/07 v2.07 `tabularx' package (DPC)
\TX@col@width=\dimen208
\TX@old@table=\dimen209
\TX@old@col=\dimen210
\TX@target=\dimen211
\TX@delta=\dimen212
\TX@cols=\count187
\TX@ftn=\toks58
)
(/usr/local/texlive/2011/texmf-dist/tex/latex/multirow/multirow.sty
\bigstrutjot=\dimen213
)
(/usr/local/texlive/2011/texmf-dist/tex/latex/csquotes/csquotes.sty
Package: csquotes 2011/03/25 v5.1c context-sensitive quotations
\csq@reset=\count188
\csq@gtype=\count189
\csq@glevel=\count190
\csq@qlevel=\count191
\csq@maxlvl=\count192
\csq@tshold=\count193
\csq@ltx@everypar=\toks59

(/usr/local/texlive/2011/texmf-dist/tex/latex/csquotes/csquotes.def
File: csquotes.def 2011/03/25 v5.1c csquotes generic definitions
)
Package csquotes Info: Trying to load configuration file 'csquotes.cfg'...
Package csquotes Info: ... configuration file loaded successfully.

(/usr/local/texlive/2011/texmf-dist/tex/latex/csquotes/csquotes.cfg
File: csquotes.cfg 
))
(/usr/local/texlive/2011/texmf-dist/tex/latex/tocloft/tocloft.sty
Package: tocloft 2010/10/13 v2.3e parameterised ToC, etc., typesetting
Package tocloft Info: The document has chapter divisions on input line 43.
\cftparskip=\skip71
\cftbeforetoctitleskip=\skip72
\cftaftertoctitleskip=\skip73
\cftbeforepartskip=\skip74
\cftpartnumwidth=\skip75
\cftpartindent=\skip76
\cftbeforechapskip=\skip77
\cftchapindent=\skip78
\cftchapnumwidth=\skip79
\cftbeforesecskip=\skip80
\cftsecindent=\skip81
\cftsecnumwidth=\skip82
\cftbeforesubsecskip=\skip83
\cftsubsecindent=\skip84
\cftsubsecnumwidth=\skip85
\cftbeforesubsubsecskip=\skip86
\cftsubsubsecindent=\skip87
\cftsubsubsecnumwidth=\skip88
\cftbeforeparaskip=\skip89
\cftparaindent=\skip90
\cftparanumwidth=\skip91
\cftbeforesubparaskip=\skip92
\cftsubparaindent=\skip93
\cftsubparanumwidth=\skip94
\cftbeforeloftitleskip=\skip95
\cftafterloftitleskip=\skip96
\cftbeforefigskip=\skip97
\cftfigindent=\skip98
\cftfignumwidth=\skip99


! LaTeX Error: Command \c@lofdepth already defined.
               Or name \end... illegal, see p.192 of the manual.

See the LaTeX manual or LaTeX Companion for explanation.
Type  H <return>  for immediate help.
 ...                                              
                                                  
l.597   \newcounter{lofdepth}
                             \setcounter{lofdepth}{1}
? 

! LaTeX Error: Command \c@lotdepth already defined.
               Or name \end... illegal, see p.192 of the manual.

See the LaTeX manual or LaTeX Companion for explanation.
Type  H <return>  for immediate help.
 ...                                              
                                                  
l.598   \newcounter{lotdepth}
                             \setcounter{lotdepth}{1}
? 
\cftbeforelottitleskip=\skip100
\cftafterlottitleskip=\skip101
\cftbeforetabskip=\skip102
\cfttabindent=\skip103
\cfttabnumwidth=\skip104
)
\c@theorem_nyquist=\count194
\c@formula_extrator=\count195
\c@definicao_media=\count196
\c@definicao_variancia=\count197
Package csquotes Info: Checking for multilingual support...
Package csquotes Info: ... none found.
 (./monografia_final.aux)
LaTeX Font Info:    Checking defaults for OML/txmi/m/it on input line 56.
LaTeX Font Info:    Try loading font information for OML+txmi on input line 56.


(/usr/local/texlive/2011/texmf-dist/tex/latex/txfonts/omltxmi.fd
File: omltxmi.fd 2000/12/15 v3.1
)
LaTeX Font Info:    ... okay on input line 56.
LaTeX Font Info:    Checking defaults for T1/cmr/m/n on input line 56.
LaTeX Font Info:    ... okay on input line 56.
LaTeX Font Info:    Checking defaults for OT1/cmr/m/n on input line 56.
LaTeX Font Info:    ... okay on input line 56.
LaTeX Font Info:    Checking defaults for OMS/txsy/m/n on input line 56.
LaTeX Font Info:    Try loading font information for OMS+txsy on input line 56.


(/usr/local/texlive/2011/texmf-dist/tex/latex/txfonts/omstxsy.fd
File: omstxsy.fd 2000/12/15 v3.1
)
LaTeX Font Info:    ... okay on input line 56.
LaTeX Font Info:    Checking defaults for OMX/txex/m/n on input line 56.
LaTeX Font Info:    Try loading font information for OMX+txex on input line 56.


(/usr/local/texlive/2011/texmf-dist/tex/latex/txfonts/omxtxex.fd
File: omxtxex.fd 2000/12/15 v3.1
)
LaTeX Font Info:    ... okay on input line 56.
LaTeX Font Info:    Checking defaults for U/txexa/m/n on input line 56.
LaTeX Font Info:    Try loading font information for U+txexa on input line 56.

(/usr/local/texlive/2011/texmf-dist/tex/latex/txfonts/utxexa.fd
File: utxexa.fd 2000/12/15 v3.1
)
LaTeX Font Info:    ... okay on input line 56.
LaTeX Font Info:    Try loading font information for OT1+txr on input line 56.

(/usr/local/texlive/2011/texmf-dist/tex/latex/txfonts/ot1txr.fd
File: ot1txr.fd 2000/12/15 v3.1
)
*geometry* driver: auto-detecting
*geometry* detected driver: pdftex
*geometry* verbose mode - [ preamble ] result:
* driver: pdftex
* paper: a4paper
* layout: <same size as paper>
* layoutoffset:(h,v)=(0.0pt,0.0pt)
* modes: 
* h-part:(L,W,R)=(85.35826pt, 455.24411pt, 56.9055pt)
* v-part:(T,H,B)=(85.35826pt, 702.78308pt, 56.9055pt)
* \paperwidth=597.50787pt
* \paperheight=845.04684pt
* \textwidth=455.24411pt
* \textheight=702.78308pt
* \oddsidemargin=13.08827pt
* \evensidemargin=13.08827pt
* \topmargin=-23.91173pt
* \headheight=12.0pt
* \headsep=25.0pt
* \topskip=12.0pt
* \footskip=30.0pt
* \marginparwidth=35.0pt
* \marginparsep=10.0pt
* \columnsep=10.0pt
* \skip\footins=10.8pt plus 4.0pt minus 2.0pt
* \hoffset=0.0pt
* \voffset=0.0pt
* \mag=1000
* \@twocolumnfalse
* \@twosidefalse
* \@mparswitchfalse
* \@reversemarginfalse
* (1in=72.27pt=25.4mm, 1cm=28.453pt)

Package caption Info: Begin \AtBeginDocument code.
Package caption Info: float package is loaded.
Package caption Info: picinpar package is loaded.
Package caption Info: rotating package is loaded.
Package caption Info: subfigure package is loaded.
Package caption Info: End \AtBeginDocument code.
(/usr/local/texlive/2011/texmf-dist/tex/context/base/supp-pdf.mkii
[Loading MPS to PDF converter (version 2006.09.02).]
\scratchcounter=\count198
\scratchdimen=\dimen214
\scratchbox=\box60
\nofMPsegments=\count199
\nofMParguments=\count200
\everyMPshowfont=\toks60
\MPscratchCnt=\count201
\MPscratchDim=\dimen215
\MPnumerator=\count202
\makeMPintoPDFobject=\count203
\everyMPtoPDFconversion=\toks61
) (/usr/local/texlive/2011/texmf-dist/tex/latex/oberdiek/epstopdf-base.sty
Package: epstopdf-base 2010/02/09 v2.5 Base part for package epstopdf

(/usr/local/texlive/2011/texmf-dist/tex/latex/oberdiek/grfext.sty
Package: grfext 2010/08/19 v1.1 Managing graphics extensions (HO)

(/usr/local/texlive/2011/texmf-dist/tex/generic/oberdiek/kvdefinekeys.sty
Package: kvdefinekeys 2011/04/07 v1.3 Defining keys (HO)
))
(/usr/local/texlive/2011/texmf-dist/tex/latex/oberdiek/kvoptions.sty
Package: kvoptions 2010/12/23 v3.10 Keyval support for LaTeX options (HO)

(/usr/local/texlive/2011/texmf-dist/tex/generic/oberdiek/kvsetkeys.sty
Package: kvsetkeys 2011/04/07 v1.13 Key value parser (HO)

(/usr/local/texlive/2011/texmf-dist/tex/generic/oberdiek/etexcmds.sty
Package: etexcmds 2011/02/16 v1.5 Prefix for e-TeX command names (HO)
)))
Package grfext Info: Graphics extension search list:
(grfext)             [.png,.pdf,.jpg,.mps,.jpeg,.jbig2,.jb2,.PNG,.PDF,.JPG,.JPE
G,.JBIG2,.JB2,.eps]
(grfext)             \AppendGraphicsExtensions on input line 452.

(/usr/local/texlive/2011/texmf-dist/tex/latex/latexconfig/epstopdf-sys.cfg
File: epstopdf-sys.cfg 2010/07/13 v1.3 Configuration of (r)epstopdf for TeX Liv
e
))
ABD: EveryShipout initializing macros
LaTeX Font Info:    Try loading font information for U+txsya on input line 61.

(/usr/local/texlive/2011/texmf-dist/tex/latex/txfonts/utxsya.fd
File: utxsya.fd 2000/12/15 v3.1
)
LaTeX Font Info:    Try loading font information for U+txsyb on input line 61.

(/usr/local/texlive/2011/texmf-dist/tex/latex/txfonts/utxsyb.fd
File: utxsyb.fd 2000/12/15 v3.1
)
LaTeX Font Info:    Try loading font information for U+wasy on input line 61.

(/usr/local/texlive/2011/texmf-dist/tex/latex/wasysym/uwasy.fd
File: uwasy.fd 2003/10/30 v2.0 Wasy-2 symbol font definitions
)
LaTeX Font Info:    Try loading font information for U+txmia on input line 61.

(/usr/local/texlive/2011/texmf-dist/tex/latex/txfonts/utxmia.fd
File: utxmia.fd 2000/12/15 v3.1
)
LaTeX Font Info:    Try loading font information for U+txsyc on input line 61.

(/usr/local/texlive/2011/texmf-dist/tex/latex/txfonts/utxsyc.fd
File: utxsyc.fd 2000/12/15 v3.1
)
Underfull \hbox (badness 3849) in paragraph at lines 70--71
[][]|\OT1/txr/m/n/10.95 Mono-grafia ap-re-sen-tada ao De-par-ta-mento
 []


Underfull \hbox (badness 2547) in paragraph at lines 70--71
\OT1/txr/m/n/10.95 Ex-atas da Uni-ver-si-dade Es-tad-ual Paulista
 []


Underfull \hbox (badness 4205) in paragraph at lines 70--71
\OT1/txr/m/n/10.95 req-ui-si-tos necess[]arios para aprova[][]ao na
 []


Underfull \hbox (badness 10000) in paragraph at lines 70--71

 []


Underfull \hbox (badness 10000) in paragraph at lines 68--81

 []


Underfull \hbox (badness 10000) in paragraph at lines 68--81

 []


Underfull \hbox (badness 10000) in paragraph at lines 68--81

 []


Underfull \hbox (badness 10000) in paragraph at lines 68--81

 []


Underfull \hbox (badness 10000) in paragraph at lines 68--81

 []


Underfull \hbox (badness 10000) in paragraph at lines 68--81

 []


Underfull \hbox (badness 10000) in paragraph at lines 68--81

 []


Underfull \hbox (badness 10000) in paragraph at lines 68--81

 []


Underfull \hbox (badness 10000) in paragraph at lines 68--81

 []


Underfull \hbox (badness 3849) in paragraph at lines 98--99
[][]|\OT1/txr/m/n/10.95 Mono-grafia ap-re-sen-tada ao De-par-ta-mento
 []


Underfull \hbox (badness 2547) in paragraph at lines 98--99
\OT1/txr/m/n/10.95 Ex-atas da Uni-ver-si-dade Es-tad-ual Paulista
 []


Underfull \hbox (badness 4205) in paragraph at lines 98--99
\OT1/txr/m/n/10.95 req-ui-si-tos necess[]arios para aprova[][]ao na
 []


Underfull \hbox (badness 10000) in paragraph at lines 98--99

 []


Underfull \hbox (badness 10000) in paragraph at lines 96--127

 []


Underfull \hbox (badness 10000) in paragraph at lines 96--127

 []


Overfull \hbox (25.24411pt too wide) in paragraph at lines 96--127
[]$$[]$ 
 []


Underfull \hbox (badness 10000) in paragraph at lines 96--127

 []


Underfull \hbox (badness 10000) in paragraph at lines 96--127

 []


Underfull \hbox (badness 10000) in paragraph at lines 96--127

 []


Overfull \hbox (4.3807pt too wide) in paragraph at lines 61--134
[][][]
 []

[1

{/usr/local/texlive/2011/texmf-var/fonts/map/pdftex/updmap/pdftex.map}]
Overfull \vbox (6.00783pt too high) has occurred while \output is active []


[2] [3]
Underfull \hbox (badness 10000) in paragraph at lines 148--150

 []


Underfull \hbox (badness 10000) in paragraph at lines 150--152

 []


Underfull \hbox (badness 10000) in paragraph at lines 152--154

 []

[4] [5]
Underfull \hbox (badness 10000) in paragraph at lines 175--180

 []


Overfull \hbox (1.2239pt too wide) in paragraph at lines 175--180
\OT1/txr/m/n/12 Palavras-chave: Pro-ces-sa-mento de Voz. Pa-tolo-gias no Trato 
Vo-cal. Re-con-hec-i-mento de Padr[]oes. 
 []

[6]
Underfull \hbox (badness 10000) in paragraph at lines 186--191

 []

[7] (./monografia_final.lof [8

]
Overfull \hbox (5.19525pt too wide) detected at line 31
\OT1/txr/m/n/12 A.10 -  
 []


Overfull \hbox (5.19525pt too wide) detected at line 32
\OT1/txr/m/n/12 A.11 -  
 []


Overfull \hbox (5.19525pt too wide) detected at line 33
\OT1/txr/m/n/12 A.12 -  
 []

)
\tf@lof=\write6
 [9] (./monografia_final.lot
Overfull \hbox (2.1815pt too wide) in paragraph at lines 5--5
 [][][] \OT1/txr/m/n/12 Tabela []Tamanhos dos ve-tores, tem-pos de execu[][]ao 
me-di-dos, tem-pos de execu[][]ao 
 []

)
\tf@lot=\write7
 [10

] (./monografia_final.toc [11])
\tf@toc=\write8
 [1]
Cap\'{i}tulo 1.

Underfull \hbox (badness 10000) in paragraph at lines 209--211

 []


Underfull \hbox (badness 10000) in paragraph at lines 211--213

 []


Underfull \hbox (badness 10000) in paragraph at lines 213--215

 []

[2

] [3]
Cap\'{i}tulo 2.

Underfull \hbox (badness 10000) in paragraph at lines 223--225

 []


Underfull \hbox (badness 10000) in paragraph at lines 225--227

 []

[4

]
Underfull \hbox (badness 10000) in paragraph at lines 227--229

 []


Underfull \hbox (badness 10000) in paragraph at lines 229--231

 []


Underfull \hbox (badness 10000) in paragraph at lines 231--233

 []

[5]
Underfull \hbox (badness 10000) in paragraph at lines 233--235

 []


Underfull \hbox (badness 10000) in paragraph at lines 235--237

 []


Underfull \hbox (badness 10000) in paragraph at lines 237--239

 []


Underfull \hbox (badness 10000) in paragraph at lines 239--240

 []


Underfull \hbox (badness 10000) in paragraph at lines 241--243

 []

[6]
LaTeX Font Info:    Try loading font information for OMS+txr on input line 245.

 (/usr/local/texlive/2011/texmf-dist/tex/latex/txfonts/omstxr.fd
File: omstxr.fd 2000/12/15 v3.1
)
LaTeX Font Info:    Font shape `OMS/txr/m/n' in size <12> not available
(Font)              Font shape `OMS/txsy/m/n' tried instead on input line 245.

Underfull \hbox (badness 10000) in paragraph at lines 250--252

 []

Package epstopdf Info: Source file: <laringe_basico.eps>
(epstopdf)                    date: 2016-12-18 10:26:37
(epstopdf)                    size: 1516552 bytes
(epstopdf)             Output file: <laringe_basico-eps-converted-to.pdf>
(epstopdf)                    date: 2016-12-18 10:28:15
(epstopdf)                    size: 100404 bytes
(epstopdf)             Command: <repstopdf --outfile=laringe_basico-eps-convert
ed-to.pdf laringe_basico.eps>
(epstopdf)             \includegraphics on input line 255.
Package epstopdf Info: Output file is already uptodate.
<laringe_basico-eps-converted-to.pdf, id=63, 723.70375pt x 396.48125pt>
File: laringe_basico-eps-converted-to.pdf Graphic file (type pdf)

<use laringe_basico-eps-converted-to.pdf>
Package pdftex.def Info: laringe_basico-eps-converted-to.pdf used on input line
 255.
(pdftex.def)             Requested size: 300.0pt x 164.35515pt.

Underfull \hbox (badness 10000) in paragraph at lines 261--263

 []

[7]
Package epstopdf Info: Source file: <onda_voz.eps>
(epstopdf)                    date: 2016-12-18 10:20:03
(epstopdf)                    size: 408435 bytes
(epstopdf)             Output file: <onda_voz-eps-converted-to.pdf>
(epstopdf)                    date: 2016-12-18 10:20:24
(epstopdf)                    size: 75561 bytes
(epstopdf)             Command: <repstopdf --outfile=onda_voz-eps-converted-to.
pdf onda_voz.eps>
(epstopdf)             \includegraphics on input line 266.
Package epstopdf Info: Output file is already uptodate.
 <onda_voz-eps-converted-to.pdf, id=68, 924.45375pt x 224.84pt>
File: onda_voz-eps-converted-to.pdf Graphic file (type pdf)

<use onda_voz-eps-converted-to.pdf>
Package pdftex.def Info: onda_voz-eps-converted-to.pdf used on input line 266.
(pdftex.def)             Requested size: 350.0pt x 85.12445pt.

Underfull \hbox (badness 10000) in paragraph at lines 272--274

 []

[8 <./laringe_basico-eps-converted-to.pdf> <./onda_voz-eps-converted-to.pdf>]
Underfull \hbox (badness 10000) in paragraph at lines 280--282

 []


Underfull \hbox (badness 10000) in paragraph at lines 282--284

 []


Underfull \hbox (badness 10000) in paragraph at lines 287--289

 []

[9]

LaTeX Warning: Reference `sec:extrator_caract' on page 10 undefined on input li
ne 289.

Package epstopdf Info: Source file: <wave_file.eps>
(epstopdf)                    date: 2016-12-18 10:24:45
(epstopdf)                    size: 366024 bytes
(epstopdf)             Output file: <wave_file-eps-converted-to.pdf>
(epstopdf)                    date: 2016-12-18 10:28:16
(epstopdf)                    size: 62205 bytes
(epstopdf)             Command: <repstopdf --outfile=wave_file-eps-converted-to
.pdf wave_file.eps>
(epstopdf)             \includegraphics on input line 292.
Package epstopdf Info: Output file is already uptodate.
<wave_file-eps-converted-to.pdf, id=87, 135.50626pt x 408.52625pt>
File: wave_file-eps-converted-to.pdf Graphic file (type pdf)

<use wave_file-eps-converted-to.pdf>
Package pdftex.def Info: wave_file-eps-converted-to.pdf used on input line 292.

(pdftex.def)             Requested size: 80.0pt x 241.19048pt.

Underfull \hbox (badness 10000) in paragraph at lines 296--298

 []

[10 <./wave_file-eps-converted-to.pdf>]
Overfull \hbox (27.83844pt too wide) in paragraph at lines 308--309
[][]\OT1/txr/m/it/12 ByteR-ate \OT1/txr/m/n/12 Este campo []e definido pela f[]
ormula: $(\OML/txmi/m/it/12 SampleRate \OMS/txsy/m/n/12  \OML/txmi/m/it/12 Num
Channels \OMS/txsy/m/n/12  \OML/txmi/m/it/12 BitsPerSample\OT1/txr/m/n/12 )8$;
 
 []


Underfull \hbox (badness 10000) in paragraph at lines 316--318

 []


Underfull \hbox (badness 10000) in paragraph at lines 318--320

 []

[11]
Underfull \hbox (badness 10000) in paragraph at lines 320--322

 []


Underfull \hbox (badness 10000) in paragraph at lines 324--326

 []


Underfull \hbox (badness 10000) in paragraph at lines 326--328

 []

[12]
Overfull \hbox (5.19275pt too wide) in paragraph at lines 328--330
[][]\OT1/txr/m/n/12 Estes m[]etodos matem[]aticos de-pen-dem di-re-ta-mente da 
abor-dagem de-ci-dida. Di-ver-sas t[]ecnicas
 []


Underfull \hbox (badness 10000) in paragraph at lines 328--330

 []


Underfull \hbox (badness 10000) in paragraph at lines 332--334

 []


Underfull \hbox (badness 10000) in paragraph at lines 334--336

 []


Underfull \hbox (badness 10000) in paragraph at lines 336--338

 []

[13]
Underfull \hbox (badness 10000) in paragraph at lines 341--343

 []


Underfull \hbox (badness 10000) in paragraph at lines 343--345

 []


Overfull \hbox (5.81995pt too wide) in paragraph at lines 345--347
\OT1/txr/m/n/12 que ser[]ao uti-lizadas pelo clas-si-fi-cador se-jam mis-tu-rad
as, e ent[]ao sorteadas no-va-mente, de maneira
 []


Underfull \hbox (badness 10000) in paragraph at lines 345--347

 []


Underfull \hbox (badness 10000) in paragraph at lines 347--349

 []

[14]
Cap\'{i}tulo 3.

Underfull \hbox (badness 10000) in paragraph at lines 354--356

 []

Package epstopdf Info: Source file: <onda_voz_gerada.eps>
(epstopdf)                    date: 2016-12-18 10:18:42
(epstopdf)                    size: 193107 bytes
(epstopdf)             Output file: <onda_voz_gerada-eps-converted-to.pdf>
(epstopdf)                    date: 2016-12-18 10:20:29
(epstopdf)                    size: 15910 bytes
(epstopdf)             Command: <repstopdf --outfile=onda_voz_gerada-eps-conver
ted-to.pdf onda_voz_gerada.eps>
(epstopdf)             \includegraphics on input line 375.
Package epstopdf Info: Output file is already uptodate.
<onda_voz_gerada-eps-converted-to.pdf, id=109, 798.985pt x 145.54375pt>
File: onda_voz_gerada-eps-converted-to.pdf Graphic file (type pdf)

<use onda_voz_gerada-eps-converted-to.pdf>
Package pdftex.def Info: onda_voz_gerada-eps-converted-to.pdf used on input lin
e 375.
(pdftex.def)             Requested size: 450.0pt x 81.97252pt.
Package epstopdf Info: Source file: <onda_voz_injetada.eps>
(epstopdf)                    date: 2016-12-18 10:19:19
(epstopdf)                    size: 193109 bytes
(epstopdf)             Output file: <onda_voz_injetada-eps-converted-to.pdf>
(epstopdf)                    date: 2016-12-18 10:20:30
(epstopdf)                    size: 15914 bytes
(epstopdf)             Command: <repstopdf --outfile=onda_voz_injetada-eps-conv
erted-to.pdf onda_voz_injetada.eps>
(epstopdf)             \includegraphics on input line 379.
Package epstopdf Info: Output file is already uptodate.

<onda_voz_injetada-eps-converted-to.pdf, id=110, 798.985pt x 145.54375pt>
File: onda_voz_injetada-eps-converted-to.pdf Graphic file (type pdf)

<use onda_voz_injetada-eps-converted-to.pdf>
Package pdftex.def Info: onda_voz_injetada-eps-converted-to.pdf used on input l
ine 379.
(pdftex.def)             Requested size: 450.0pt x 81.97252pt.

Overfull \hbox (0.75589pt too wide) in paragraph at lines 375--380
 [][][] 
 []


Overfull \hbox (0.75589pt too wide) in paragraph at lines 375--380
 [] 
 []

[15

]
Underfull \hbox (badness 10000) in paragraph at lines 383--385

 []


Underfull \hbox (badness 10000) in paragraph at lines 385--387

 []


Underfull \hbox (badness 10000) in paragraph at lines 387--389

 []


Underfull \hbox (badness 10000) in paragraph at lines 389--391

 []

[16 <./onda_voz_gerada-eps-converted-to.pdf> <./onda_voz_injetada-eps-converted
-to.pdf>]
Package epstopdf Info: Source file: <media_edema.eps>
(epstopdf)                    date: 2016-12-18 10:28:01
(epstopdf)                    size: 304881 bytes
(epstopdf)             Output file: <media_edema-eps-converted-to.pdf>
(epstopdf)                    date: 2016-12-18 10:28:17
(epstopdf)                    size: 25641 bytes
(epstopdf)             Command: <repstopdf --outfile=media_edema-eps-converted-
to.pdf media_edema.eps>
(epstopdf)             \includegraphics on input line 393.
Package epstopdf Info: Output file is already uptodate.
 <media_edema-eps-converted-to.pdf, id=127, 1216.545pt x 207.77625pt>
File: media_edema-eps-converted-to.pdf Graphic file (type pdf)

<use media_edema-eps-converted-to.pdf>
Package pdftex.def Info: media_edema-eps-converted-to.pdf used on input line 39
3.
(pdftex.def)             Requested size: 455.23798pt x 126.75282pt.

Overfull \hbox (0.39276pt too wide) in paragraph at lines 391--396
[][]\OT1/txr/m/n/12 Com-ple-men-tar-mente, os dez val-ores con-ti-dos nos ve-to
res de car-ac-ter[]sticas foram ar-mazena-
 []

Package epstopdf Info: Source file: <media_nodulo.eps>
(epstopdf)                    date: 2016-12-18 10:27:39
(epstopdf)                    size: 311266 bytes
(epstopdf)             Output file: <media_nodulo-eps-converted-to.pdf>
(epstopdf)                    date: 2016-12-18 10:28:19
(epstopdf)                    size: 24634 bytes
(epstopdf)             Command: <repstopdf --outfile=media_nodulo-eps-converted
-to.pdf media_nodulo.eps>
(epstopdf)             \includegraphics on input line 398.
Package epstopdf Info: Output file is already uptodate.
<media_nodulo-eps-converted-to.pdf, id=128, 1216.545pt x 207.77625pt>
File: media_nodulo-eps-converted-to.pdf Graphic file (type pdf)

<use media_nodulo-eps-converted-to.pdf>
Package pdftex.def Info: media_nodulo-eps-converted-to.pdf used on input line 3
98.
(pdftex.def)             Requested size: 455.23798pt x 126.75282pt.
Package epstopdf Info: Source file: <media_normal.eps>
(epstopdf)                    date: 2016-12-18 10:26:59
(epstopdf)                    size: 266942 bytes
(epstopdf)             Output file: <media_normal-eps-converted-to.pdf>
(epstopdf)                    date: 2016-12-18 10:28:20
(epstopdf)                    size: 23223 bytes
(epstopdf)             Command: <repstopdf --outfile=media_normal-eps-converted
-to.pdf media_normal.eps>
(epstopdf)             \includegraphics on input line 403.
Package epstopdf Info: Output file is already uptodate.

<media_normal-eps-converted-to.pdf, id=129, 1216.545pt x 207.77625pt>
File: media_normal-eps-converted-to.pdf Graphic file (type pdf)

<use media_normal-eps-converted-to.pdf>
Package pdftex.def Info: media_normal-eps-converted-to.pdf used on input line 4
03.
(pdftex.def)             Requested size: 455.23798pt x 126.75282pt.
Package epstopdf Info: Source file: <variancia_edema.eps>
(epstopdf)                    date: 2016-12-18 10:25:55
(epstopdf)                    size: 183813 bytes
(epstopdf)             Output file: <variancia_edema-eps-converted-to.pdf>
(epstopdf)                    date: 2016-12-18 10:28:21
(epstopdf)                    size: 19634 bytes
(epstopdf)             Command: <repstopdf --outfile=variancia_edema-eps-conver
ted-to.pdf variancia_edema.eps>
(epstopdf)             \includegraphics on input line 408.
Package epstopdf Info: Output file is already uptodate.

<variancia_edema-eps-converted-to.pdf, id=130, 1167.36125pt x 171.64125pt>
File: variancia_edema-eps-converted-to.pdf Graphic file (type pdf)

<use variancia_edema-eps-converted-to.pdf>
Package pdftex.def Info: variancia_edema-eps-converted-to.pdf used on input lin
e 408.
(pdftex.def)             Requested size: 455.23343pt x 126.75061pt.
 [17 <./media_edema-eps-converted-to.pdf> <./media_nodulo-eps-converted-to.pdf>
]
Package epstopdf Info: Source file: <variancia_nodulo.eps>
(epstopdf)                    date: 2016-12-18 10:25:27
(epstopdf)                    size: 184533 bytes
(epstopdf)             Output file: <variancia_nodulo-eps-converted-to.pdf>
(epstopdf)                    date: 2016-12-18 10:28:22
(epstopdf)                    size: 19143 bytes
(epstopdf)             Command: <repstopdf --outfile=variancia_nodulo-eps-conve
rted-to.pdf variancia_nodulo.eps>
(epstopdf)             \includegraphics on input line 413.
Package epstopdf Info: Output file is already uptodate.

<variancia_nodulo-eps-converted-to.pdf, id=144, 1167.36125pt x 171.64125pt>
File: variancia_nodulo-eps-converted-to.pdf Graphic file (type pdf)

<use variancia_nodulo-eps-converted-to.pdf>
Package pdftex.def Info: variancia_nodulo-eps-converted-to.pdf used on input li
ne 413.
(pdftex.def)             Requested size: 455.23343pt x 126.75061pt.
Package epstopdf Info: Source file: <variancia_normal.eps>
(epstopdf)                    date: 2016-12-18 10:25:00
(epstopdf)                    size: 103075 bytes
(epstopdf)             Output file: <variancia_normal-eps-converted-to.pdf>
(epstopdf)                    date: 2016-12-18 10:28:23
(epstopdf)                    size: 12699 bytes
(epstopdf)             Command: <repstopdf --outfile=variancia_normal-eps-conve
rted-to.pdf variancia_normal.eps>
(epstopdf)             \includegraphics on input line 418.
Package epstopdf Info: Output file is already uptodate.

<variancia_normal-eps-converted-to.pdf, id=145, 1167.36125pt x 171.64125pt>
File: variancia_normal-eps-converted-to.pdf Graphic file (type pdf)

<use variancia_normal-eps-converted-to.pdf>
Package pdftex.def Info: variancia_normal-eps-converted-to.pdf used on input li
ne 418.
(pdftex.def)             Requested size: 455.23343pt x 126.75061pt.

Underfull \hbox (badness 10000) in paragraph at lines 422--424

 []


Underfull \hbox (badness 10000) in paragraph at lines 424--426

 []

[18 <./variancia_nodulo-eps-converted-to.pdf> <./media_normal-eps-converted-to.
pdf> <./variancia_edema-eps-converted-to.pdf>]
Underfull \hbox (badness 10000) in paragraph at lines 426--428

 []


Underfull \hbox (badness 10000) in paragraph at lines 434--436

 []

[19 <./variancia_normal-eps-converted-to.pdf>]
Underfull \hbox (badness 10000) in paragraph at lines 436--438

 []

[20]
Cap\'{i}tulo 4.

Underfull \hbox (badness 10000) in paragraph at lines 446--448

 []


Underfull \hbox (badness 10000) in paragraph at lines 450--452

 []

[21

]
Underfull \hbox (badness 10000) in paragraph at lines 452--454

 []


Underfull \hbox (badness 10000) in paragraph at lines 454--456

 []


Underfull \hbox (badness 10000) in paragraph at lines 456--458

 []


Underfull \hbox (badness 10000) in paragraph at lines 458--460

 []

[22]
Underfull \hbox (badness 10000) in paragraph at lines 460--462

 []


Underfull \hbox (badness 10000) in paragraph at lines 462--464

 []


Underfull \hbox (badness 10000) in paragraph at lines 468--470

 []


Underfull \hbox (badness 10000) in paragraph at lines 470--472

 []

Package epstopdf Info: Source file: <tempo_execucao.eps>
(epstopdf)                    date: 2016-12-18 10:24:10
(epstopdf)                    size: 53072 bytes
(epstopdf)             Output file: <tempo_execucao-eps-converted-to.pdf>
(epstopdf)                    date: 2016-12-18 10:28:25
(epstopdf)                    size: 12396 bytes
(epstopdf)             Command: <repstopdf --outfile=tempo_execucao-eps-convert
ed-to.pdf tempo_execucao.eps>
(epstopdf)             \includegraphics on input line 475.
Package epstopdf Info: Output file is already uptodate.
<tempo_execucao-eps-converted-to.pdf, id=184, 362.35374pt x 215.80624pt>
File: tempo_execucao-eps-converted-to.pdf Graphic file (type pdf)

<use tempo_execucao-eps-converted-to.pdf>
Package pdftex.def Info: tempo_execucao-eps-converted-to.pdf used on input line
 475.
(pdftex.def)             Requested size: 400.0pt x 238.23058pt.
 [23]
Underfull \hbox (badness 10000) in paragraph at lines 479--481

 []


Underfull \hbox (badness 10000) in paragraph at lines 481--483

 []


Overfull \hbox (12.65674pt too wide) in paragraph at lines 483--484
[][]\OT1/txr/m/n/12 Pela lin-eari-dade expl[]cita na figura 4.1[], os tem-pos 
pre-vis-tos foram cal-cu-la-dos us-ando propor[][]ao
 []


Overfull \hbox (3.78096pt too wide) in paragraph at lines 493--493
[][]|\OT1/txr/m/n/12 -0,0460189| 
 []


Overfull \hbox (3.78096pt too wide) in paragraph at lines 494--494
[][]|\OT1/txr/m/n/12 -0,0054406| 
 []

[24 <./tempo_execucao-eps-converted-to.pdf>]
Underfull \hbox (badness 10000) in paragraph at lines 500--502

 []


Underfull \hbox (badness 10000) in paragraph at lines 502--504

 []


LaTeX Warning: Reference `subsec:matriz_confusao' on page 25 undefined on input
 line 509.


Underfull \hbox (badness 10000) in paragraph at lines 509--511

 []

[25]
Underfull \hbox (badness 10000) in paragraph at lines 513--522

 []


Underfull \hbox (badness 10000) in paragraph at lines 522--524

 []


Underfull \hbox (badness 10000) in paragraph at lines 526--535

 []

[26]
Underfull \hbox (badness 10000) in paragraph at lines 535--537

 []


Underfull \hbox (badness 10000) in paragraph at lines 537--539

 []


Underfull \hbox (badness 10000) in paragraph at lines 544--546

 []


Underfull \hbox (badness 10000) in paragraph at lines 546--548

 []

[27]
Underfull \hbox (badness 10000) in paragraph at lines 548--550

 []


Underfull \hbox (badness 10000) in paragraph at lines 550--552

 []


Underfull \hbox (badness 10000) in paragraph at lines 552--554

 []

Package epstopdf Info: Source file: <matriz_falso_positivo.eps>
(epstopdf)                    date: 2016-12-18 10:26:48
(epstopdf)                    size: 24300 bytes
(epstopdf)             Output file: <matriz_falso_positivo-eps-converted-to.pdf
>
(epstopdf)                    date: 2016-12-18 20:13:38
(epstopdf)                    size: 9767 bytes
(epstopdf)             Command: <repstopdf --outfile=matriz_falso_positivo-eps-
converted-to.pdf matriz_falso_positivo.eps>
(epstopdf)             \includegraphics on input line 558.
Package epstopdf Info: Output file is already uptodate.
<matriz_falso_positivo-eps-converted-to.pdf, id=207, 204.765pt x 117.43875pt>
File: matriz_falso_positivo-eps-converted-to.pdf Graphic file (type pdf)

<use matriz_falso_positivo-eps-converted-to.pdf>
Package pdftex.def Info: matriz_falso_positivo-eps-converted-to.pdf used on inp
ut line 558.
(pdftex.def)             Requested size: 180.0pt x 103.24246pt.
Package epstopdf Info: Source file: <matriz_falso_negativo.eps>
(epstopdf)                    date: 2016-12-18 10:27:27
(epstopdf)                    size: 25763 bytes
(epstopdf)             Output file: <matriz_falso_negativo-eps-converted-to.pdf
>
(epstopdf)                    date: 2016-12-18 20:13:40
(epstopdf)                    size: 9589 bytes
(epstopdf)             Command: <repstopdf --outfile=matriz_falso_negativo-eps-
converted-to.pdf matriz_falso_negativo.eps>
(epstopdf)             \includegraphics on input line 564.
Package epstopdf Info: Output file is already uptodate.

<matriz_falso_negativo-eps-converted-to.pdf, id=208, 168.63pt x 136.51pt>
File: matriz_falso_negativo-eps-converted-to.pdf Graphic file (type pdf)

<use matriz_falso_negativo-eps-converted-to.pdf>
Package pdftex.def Info: matriz_falso_negativo-eps-converted-to.pdf used on inp
ut line 564.
(pdftex.def)             Requested size: 150.0pt x 121.43102pt.
 [28 <./matriz_falso_positivo-eps-converted-to.pdf>]
Underfull \hbox (badness 10000) in paragraph at lines 568--570

 []


Underfull \hbox (badness 10000) in paragraph at lines 570--572

 []


Underfull \hbox (badness 10000) in paragraph at lines 572--574

 []


Underfull \hbox (badness 10000) in paragraph at lines 576--586

 []

[29 <./matriz_falso_negativo-eps-converted-to.pdf>]
Underfull \hbox (badness 10000) in paragraph at lines 588--597

 []


Underfull \hbox (badness 10000) in paragraph at lines 597--599

 []


Underfull \hbox (badness 10000) in paragraph at lines 599--601

 []

[30]
Underfull \hbox (badness 10000) in paragraph at lines 601--603

 []

[31]
Cap\'{i}tulo 5.

Underfull \hbox (badness 10000) in paragraph at lines 608--610

 []


Underfull \hbox (badness 10000) in paragraph at lines 610--612

 []


Underfull \hbox (badness 10000) in paragraph at lines 612--614

 []


Underfull \hbox (badness 10000) in paragraph at lines 614--616

 []

[32

] [33]
Ap\^{e}ndice A.

Underfull \hbox (badness 10000) in paragraph at lines 620--622

 []

Package epstopdf Info: Source file: <figuras_tcc/pior_resultado/normal_modelo_p
ior.eps>
(epstopdf)                    date: 2016-12-18 20:51:33
(epstopdf)                    size: 148547 bytes
(epstopdf)             Output file: <figuras_tcc/pior_resultado/normal_modelo_p
ior-eps-converted-to.pdf>
(epstopdf)                    date: 2016-12-18 20:52:46
(epstopdf)                    size: 22140 bytes
(epstopdf)             Command: <repstopdf --outfile=figuras_tcc/pior_resultado
/normal_modelo_pior-eps-converted-to.pdf figuras_tcc/pior_resultado/normal_mode
lo_pior.eps>
(epstopdf)             \includegraphics on input line 625.
Package epstopdf Info: Output file is already uptodate.

<figuras_tcc/pior_resultado/normal_modelo_pior-eps-converted-to.pdf, id=238, 98
1.6675pt x 571.13374pt>
File: figuras_tcc/pior_resultado/normal_modelo_pior-eps-converted-to.pdf Graphi
c file (type pdf)

<use figuras_tcc/pior_resultado/normal_modelo_pior-eps-converted-to.pdf>
Package pdftex.def Info: figuras_tcc/pior_resultado/normal_modelo_pior-eps-conv
erted-to.pdf used on input line 625.
(pdftex.def)             Requested size: 491.946pt x 286.21106pt.
Package epstopdf Info: Source file: <figuras_tcc/pior_resultado/normal_teste_pi
or.eps>
(epstopdf)                    date: 2016-12-18 20:51:45
(epstopdf)                    size: 150475 bytes
(epstopdf)             Output file: <figuras_tcc/pior_resultado/normal_teste_pi
or-eps-converted-to.pdf>
(epstopdf)                    date: 2016-12-18 20:52:47
(epstopdf)                    size: 24624 bytes
(epstopdf)             Command: <repstopdf --outfile=figuras_tcc/pior_resultado
/normal_teste_pior-eps-converted-to.pdf figuras_tcc/pior_resultado/normal_teste
_pior.eps>
(epstopdf)             \includegraphics on input line 631.
Package epstopdf Info: Output file is already uptodate.

<figuras_tcc/pior_resultado/normal_teste_pior-eps-converted-to.pdf, id=239, 981
.6675pt x 571.13374pt>
File: figuras_tcc/pior_resultado/normal_teste_pior-eps-converted-to.pdf Graphic
 file (type pdf)

<use figuras_tcc/pior_resultado/normal_teste_pior-eps-converted-to.pdf>
Package pdftex.def Info: figuras_tcc/pior_resultado/normal_teste_pior-eps-conve
rted-to.pdf used on input line 631.
(pdftex.def)             Requested size: 491.946pt x 286.21106pt.
Package epstopdf Info: Source file: <figuras_tcc/pior_resultado/nodulo_modelo_p
ior.eps>
(epstopdf)                    date: 2016-12-18 20:52:30
(epstopdf)                    size: 158321 bytes
(epstopdf)             Output file: <figuras_tcc/pior_resultado/nodulo_modelo_p
ior-eps-converted-to.pdf>
(epstopdf)                    date: 2016-12-18 20:52:49
(epstopdf)                    size: 26321 bytes
(epstopdf)             Command: <repstopdf --outfile=figuras_tcc/pior_resultado
/nodulo_modelo_pior-eps-converted-to.pdf figuras_tcc/pior_resultado/nodulo_mode
lo_pior.eps>
(epstopdf)             \includegraphics on input line 637.
Package epstopdf Info: Output file is already uptodate.

<figuras_tcc/pior_resultado/nodulo_modelo_pior-eps-converted-to.pdf, id=240, 98
1.6675pt x 571.13374pt>
File: figuras_tcc/pior_resultado/nodulo_modelo_pior-eps-converted-to.pdf Graphi
c file (type pdf)

<use figuras_tcc/pior_resultado/nodulo_modelo_pior-eps-converted-to.pdf>
Package pdftex.def Info: figuras_tcc/pior_resultado/nodulo_modelo_pior-eps-conv
erted-to.pdf used on input line 637.
(pdftex.def)             Requested size: 491.946pt x 286.21106pt.
Package epstopdf Info: Source file: <figuras_tcc/pior_resultado/nodulo_teste_pi
or.eps>
(epstopdf)                    date: 2016-12-18 20:52:17
(epstopdf)                    size: 155689 bytes
(epstopdf)             Output file: <figuras_tcc/pior_resultado/nodulo_teste_pi
or-eps-converted-to.pdf>
(epstopdf)                    date: 2016-12-18 20:52:50
(epstopdf)                    size: 24924 bytes
(epstopdf)             Command: <repstopdf --outfile=figuras_tcc/pior_resultado
/nodulo_teste_pior-eps-converted-to.pdf figuras_tcc/pior_resultado/nodulo_teste
_pior.eps>
(epstopdf)             \includegraphics on input line 643.
Package epstopdf Info: Output file is already uptodate.

<figuras_tcc/pior_resultado/nodulo_teste_pior-eps-converted-to.pdf, id=241, 981
.6675pt x 571.13374pt>
File: figuras_tcc/pior_resultado/nodulo_teste_pior-eps-converted-to.pdf Graphic
 file (type pdf)

<use figuras_tcc/pior_resultado/nodulo_teste_pior-eps-converted-to.pdf>
Package pdftex.def Info: figuras_tcc/pior_resultado/nodulo_teste_pior-eps-conve
rted-to.pdf used on input line 643.
(pdftex.def)             Requested size: 491.946pt x 286.21106pt.
Package epstopdf Info: Source file: <figuras_tcc/pior_resultado/edema_modelo_pi
or.eps>
(epstopdf)                    date: 2016-12-18 20:51:20
(epstopdf)                    size: 161211 bytes
(epstopdf)             Output file: <figuras_tcc/pior_resultado/edema_modelo_pi
or-eps-converted-to.pdf>
(epstopdf)                    date: 2016-12-18 20:52:52
(epstopdf)                    size: 24540 bytes
(epstopdf)             Command: <repstopdf --outfile=figuras_tcc/pior_resultado
/edema_modelo_pior-eps-converted-to.pdf figuras_tcc/pior_resultado/edema_modelo
_pior.eps>
(epstopdf)             \includegraphics on input line 649.
Package epstopdf Info: Output file is already uptodate.

<figuras_tcc/pior_resultado/edema_modelo_pior-eps-converted-to.pdf, id=242, 981
.6675pt x 571.13374pt>
File: figuras_tcc/pior_resultado/edema_modelo_pior-eps-converted-to.pdf Graphic
 file (type pdf)

<use figuras_tcc/pior_resultado/edema_modelo_pior-eps-converted-to.pdf>
Package pdftex.def Info: figuras_tcc/pior_resultado/edema_modelo_pior-eps-conve
rted-to.pdf used on input line 649.
(pdftex.def)             Requested size: 491.946pt x 286.21106pt.
Package epstopdf Info: Source file: <figuras_tcc/pior_resultado/edema_teste_pio
r.eps>
(epstopdf)                    date: 2016-12-18 20:51:58
(epstopdf)                    size: 157821 bytes
(epstopdf)             Output file: <figuras_tcc/pior_resultado/edema_teste_pio
r-eps-converted-to.pdf>
(epstopdf)                    date: 2016-12-18 20:52:53
(epstopdf)                    size: 25125 bytes
(epstopdf)             Command: <repstopdf --outfile=figuras_tcc/pior_resultado
/edema_teste_pior-eps-converted-to.pdf figuras_tcc/pior_resultado/edema_teste_p
ior.eps>
(epstopdf)             \includegraphics on input line 655.
Package epstopdf Info: Output file is already uptodate.

<figuras_tcc/pior_resultado/edema_teste_pior-eps-converted-to.pdf, id=243, 981.
6675pt x 571.13374pt>
File: figuras_tcc/pior_resultado/edema_teste_pior-eps-converted-to.pdf Graphic 
file (type pdf)

<use figuras_tcc/pior_resultado/edema_teste_pior-eps-converted-to.pdf>
Package pdftex.def Info: figuras_tcc/pior_resultado/edema_teste_pior-eps-conver
ted-to.pdf used on input line 655.
(pdftex.def)             Requested size: 491.946pt x 286.21106pt.
Package epstopdf Info: Source file: <figuras_tcc/melhor_resultado/modelo_normal
_melhor.eps>
(epstopdf)                    date: 2016-12-18 20:50:01
(epstopdf)                    size: 156643 bytes
(epstopdf)             Output file: <figuras_tcc/melhor_resultado/modelo_normal
_melhor-eps-converted-to.pdf>
(epstopdf)                    date: 2016-12-18 20:52:55
(epstopdf)                    size: 22803 bytes
(epstopdf)             Command: <repstopdf --outfile=figuras_tcc/melhor_resulta
do/modelo_normal_melhor-eps-converted-to.pdf figuras_tcc/melhor_resultado/model
o_normal_melhor.eps>
(epstopdf)             \includegraphics on input line 661.
Package epstopdf Info: Output file is already uptodate.

<figuras_tcc/melhor_resultado/modelo_normal_melhor-eps-converted-to.pdf, id=244
, 981.6675pt x 571.13374pt>
File: figuras_tcc/melhor_resultado/modelo_normal_melhor-eps-converted-to.pdf Gr
aphic file (type pdf)

<use figuras_tcc/melhor_resultado/modelo_normal_melhor-eps-converted-to.pdf>
Package pdftex.def Info: figuras_tcc/melhor_resultado/modelo_normal_melhor-eps-
converted-to.pdf used on input line 661.
(pdftex.def)             Requested size: 491.946pt x 286.21106pt.
Package epstopdf Info: Source file: <figuras_tcc/melhor_resultado/teste_normal_
melhor.eps>
(epstopdf)                    date: 2016-12-18 20:49:17
(epstopdf)                    size: 152123 bytes
(epstopdf)             Output file: <figuras_tcc/melhor_resultado/teste_normal_
melhor-eps-converted-to.pdf>
(epstopdf)                    date: 2016-12-18 20:52:56
(epstopdf)                    size: 26282 bytes
(epstopdf)             Command: <repstopdf --outfile=figuras_tcc/melhor_resulta
do/teste_normal_melhor-eps-converted-to.pdf figuras_tcc/melhor_resultado/teste_
normal_melhor.eps>
(epstopdf)             \includegraphics on input line 667.
Package epstopdf Info: Output file is already uptodate.

<figuras_tcc/melhor_resultado/teste_normal_melhor-eps-converted-to.pdf, id=245,
 981.6675pt x 571.13374pt>
File: figuras_tcc/melhor_resultado/teste_normal_melhor-eps-converted-to.pdf Gra
phic file (type pdf)

<use figuras_tcc/melhor_resultado/teste_normal_melhor-eps-converted-to.pdf>
Package pdftex.def Info: figuras_tcc/melhor_resultado/teste_normal_melhor-eps-c
onverted-to.pdf used on input line 667.
(pdftex.def)             Requested size: 491.946pt x 286.21106pt.
Package epstopdf Info: Source file: <figuras_tcc/melhor_resultado/modelo_nodulo
_melhor.eps>
(epstopdf)                    date: 2016-12-18 20:49:31
(epstopdf)                    size: 162535 bytes
(epstopdf)             Output file: <figuras_tcc/melhor_resultado/modelo_nodulo
_melhor-eps-converted-to.pdf>
(epstopdf)                    date: 2016-12-18 20:52:58
(epstopdf)                    size: 27194 bytes
(epstopdf)             Command: <repstopdf --outfile=figuras_tcc/melhor_resulta
do/modelo_nodulo_melhor-eps-converted-to.pdf figuras_tcc/melhor_resultado/model
o_nodulo_melhor.eps>
(epstopdf)             \includegraphics on input line 673.
Package epstopdf Info: Output file is already uptodate.

<figuras_tcc/melhor_resultado/modelo_nodulo_melhor-eps-converted-to.pdf, id=246
, 981.6675pt x 571.13374pt>
File: figuras_tcc/melhor_resultado/modelo_nodulo_melhor-eps-converted-to.pdf Gr
aphic file (type pdf)

<use figuras_tcc/melhor_resultado/modelo_nodulo_melhor-eps-converted-to.pdf>
Package pdftex.def Info: figuras_tcc/melhor_resultado/modelo_nodulo_melhor-eps-
converted-to.pdf used on input line 673.
(pdftex.def)             Requested size: 491.946pt x 286.21106pt.
Package epstopdf Info: Source file: <figuras_tcc/melhor_resultado/teste_nodulo_
melhor.eps>
(epstopdf)                    date: 2016-12-18 20:49:45
(epstopdf)                    size: 157913 bytes
(epstopdf)             Output file: <figuras_tcc/melhor_resultado/teste_nodulo_
melhor-eps-converted-to.pdf>
(epstopdf)                    date: 2016-12-18 20:52:59
(epstopdf)                    size: 25353 bytes
(epstopdf)             Command: <repstopdf --outfile=figuras_tcc/melhor_resulta
do/teste_nodulo_melhor-eps-converted-to.pdf figuras_tcc/melhor_resultado/teste_
nodulo_melhor.eps>
(epstopdf)             \includegraphics on input line 679.
Package epstopdf Info: Output file is already uptodate.

<figuras_tcc/melhor_resultado/teste_nodulo_melhor-eps-converted-to.pdf, id=247,
 981.6675pt x 571.13374pt>
File: figuras_tcc/melhor_resultado/teste_nodulo_melhor-eps-converted-to.pdf Gra
phic file (type pdf)

<use figuras_tcc/melhor_resultado/teste_nodulo_melhor-eps-converted-to.pdf>
Package pdftex.def Info: figuras_tcc/melhor_resultado/teste_nodulo_melhor-eps-c
onverted-to.pdf used on input line 679.
(pdftex.def)             Requested size: 491.946pt x 286.21106pt.
Package epstopdf Info: Source file: <figuras_tcc/melhor_resultado/modelo_edema_
melhor.eps>
(epstopdf)                    date: 2016-12-18 20:48:53
(epstopdf)                    size: 166638 bytes
(epstopdf)             Output file: <figuras_tcc/melhor_resultado/modelo_edema_
melhor-eps-converted-to.pdf>
(epstopdf)                    date: 2016-12-18 20:53:00
(epstopdf)                    size: 27719 bytes
(epstopdf)             Command: <repstopdf --outfile=figuras_tcc/melhor_resulta
do/modelo_edema_melhor-eps-converted-to.pdf figuras_tcc/melhor_resultado/modelo
_edema_melhor.eps>
(epstopdf)             \includegraphics on input line 685.
Package epstopdf Info: Output file is already uptodate.

<figuras_tcc/melhor_resultado/modelo_edema_melhor-eps-converted-to.pdf, id=248,
 981.6675pt x 571.13374pt>
File: figuras_tcc/melhor_resultado/modelo_edema_melhor-eps-converted-to.pdf Gra
phic file (type pdf)

<use figuras_tcc/melhor_resultado/modelo_edema_melhor-eps-converted-to.pdf>
Package pdftex.def Info: figuras_tcc/melhor_resultado/modelo_edema_melhor-eps-c
onverted-to.pdf used on input line 685.
(pdftex.def)             Requested size: 491.946pt x 286.21106pt.
Package epstopdf Info: Source file: <figuras_tcc/melhor_resultado/teste_edema_m
elhor.eps>
(epstopdf)                    date: 2016-12-18 20:50:13
(epstopdf)                    size: 155713 bytes
(epstopdf)             Output file: <figuras_tcc/melhor_resultado/teste_edema_m
elhor-eps-converted-to.pdf>
(epstopdf)                    date: 2016-12-18 20:53:02
(epstopdf)                    size: 24446 bytes
(epstopdf)             Command: <repstopdf --outfile=figuras_tcc/melhor_resulta
do/teste_edema_melhor-eps-converted-to.pdf figuras_tcc/melhor_resultado/teste_e
dema_melhor.eps>
(epstopdf)             \includegraphics on input line 691.
Package epstopdf Info: Output file is already uptodate.

<figuras_tcc/melhor_resultado/teste_edema_melhor-eps-converted-to.pdf, id=249, 
981.6675pt x 571.13374pt>
File: figuras_tcc/melhor_resultado/teste_edema_melhor-eps-converted-to.pdf Grap
hic file (type pdf)

<use figuras_tcc/melhor_resultado/teste_edema_melhor-eps-converted-to.pdf>
Package pdftex.def Info: figuras_tcc/melhor_resultado/teste_edema_melhor-eps-co
nverted-to.pdf used on input line 691.
(pdftex.def)             Requested size: 491.946pt x 286.21106pt.

[34


] [35 <./figuras_tcc/pior_resultado/normal_modelo_pior-eps-converted-to.pdf>] [
36 <./figuras_tcc/pior_resultado/normal_teste_pior-eps-converted-to.pdf>]
[37 <./figuras_tcc/pior_resultado/nodulo_modelo_pior-eps-converted-to.pdf>]
[38 <./figuras_tcc/pior_resultado/nodulo_teste_pior-eps-converted-to.pdf>]
[39 <./figuras_tcc/pior_resultado/edema_modelo_pior-eps-converted-to.pdf>]
[40 <./figuras_tcc/pior_resultado/edema_teste_pior-eps-converted-to.pdf>]
[41 <./figuras_tcc/melhor_resultado/modelo_normal_melhor-eps-converted-to.pdf>]
[42 <./figuras_tcc/melhor_resultado/teste_normal_melhor-eps-converted-to.pdf>]
[43 <./figuras_tcc/melhor_resultado/modelo_nodulo_melhor-eps-converted-to.pdf>]
[44 <./figuras_tcc/melhor_resultado/teste_nodulo_melhor-eps-converted-to.pdf>]
[45 <./figuras_tcc/melhor_resultado/modelo_edema_melhor-eps-converted-to.pdf>]
[46 <./figuras_tcc/melhor_resultado/teste_edema_melhor-eps-converted-to.pdf>]
[47

]
Underfull \hbox (badness 10000) in paragraph at lines 714--715
[][]\OT1/txr/m/n/12 C. S. Sapp WAVE PCM sound-file for-mat, dispon[]vel em: ht
tp://sound-
 []

[48] [49] (./monografia_final.aux)

LaTeX Warning: There were undefined references.

 )

Here is how much of LuaTeX's memory you used:
 21589 strings out of 494990
 100000,552014 words of node,token memory allocated
 597 words of node memory still in use:
   5 hlist, 2 vlist, 2 rule, 2 glue, 1 kern, 88 glue_spec, 1 write nodes
   avail lists: 1:3,2:31,3:235,4:892,5:213,6:2561,7:118,8:1,9:317,10:217
 23776 multiletter control sequences out of 65536+200000
 146 fonts using 5744719 bytes
 56i,22n,74p,1269b,442s stack positions out of 5000i,500n,10000p,200000b,50000s
{/usr/local/texlive/2011/texmf-dist/fonts/enc/dvips/base/8r.enc}</usr/local/tex
live/2011/texmf-dist/fonts/type1/public/txfonts/rtxi.pfb></usr/local/texlive/20
11/texmf-dist/fonts/type1/public/txfonts/rtxmi.pfb></usr/local/texlive/2011/tex
mf-dist/fonts/type1/public/txfonts/rtxr.pfb></usr/local/texlive/2011/texmf-dist
/fonts/type1/public/txfonts/txex.pfb></usr/local/texlive/2011/texmf-dist/fonts/
type1/public/txfonts/txsy.pfb></usr/local/texlive/2011/texmf-dist/fonts/type1/u
rw/times/utmb8a.pfb></usr/local/texlive/2011/texmf-dist/fonts/type1/urw/times/u
tmr8a.pfb></usr/local/texlive/2011/texmf-dist/fonts/type1/urw/times/utmri8a.pfb
>
Output written on monografia_final.pdf (60 pages, 828889 bytes).

PDF statistics: 391 PDF objects out of 1000 (max. 8388607)
 266 compressed objects within 3 object streams
 0 named destinations out of 1000 (max. 131072)
 16 words of extra memory for PDF output out of 10000 (max. 10000000)

